18:59:18.579 [main                     ] DEBUG GameApplication      - Logger initialized
18:59:18.579 [main                     ] DEBUG GameApplication      - Logging settings
Title: Untitled
Version: 0.0
Width: 800
Height: 600
Fullscreen: false
Intro: false
Menus: false
Profiling: false
Single step:false
App Mode: DEVELOPER
Menu Key: ESCAPE
Stage Style: DECORATED
Scene Factory: class com.almasb.fxgl.app.scene.SceneFactory

18:59:18.795 [JavaFX Application Thread] DEBUG GameApplication      - Initializing FXGL
18:59:18.807 [JavaFX Application Thread] INFO  Engine               - FXGL-11.8 (08.03.2020 09.25) on WINDOWS (J:13.0.2 FX:13.0.2)
18:59:18.807 [JavaFX Application Thread] INFO  Engine               - Source code and latest versions at: https://github.com/AlmasB/FXGL
18:59:18.807 [JavaFX Application Thread] INFO  Engine               -              Join the FXGL chat at: https://gitter.im/AlmasB/FXGL
18:59:18.896 [JavaFX Application Thread] DEBUG MainWindow           - Creating a JavaFX scene
18:59:18.930 [JavaFX Application Thread] DEBUG MainWindow           - Target settings size: 800.0 x 600.0
18:59:18.931 [JavaFX Application Thread] DEBUG MainWindow           - Scaled scene size:    800.0 x 600.0
18:59:18.931 [JavaFX Application Thread] DEBUG MainWindow           - Scaled ratio: (1.0, 1.0)
18:59:18.932 [JavaFX Application Thread] DEBUG MainWindow           - Set initial scene to FXGLStartupScene
18:59:18.936 [JavaFX Application Thread] DEBUG MainWindow           - Opening main window
18:59:19.006 [JavaFX Application Thread] DEBUG MainWindow           - Window border size: (16.0, 39.0)
18:59:19.007 [JavaFX Application Thread] DEBUG MainWindow           - Scaled size: 800.0 x 600.0
18:59:19.007 [JavaFX Application Thread] DEBUG MainWindow           - Scaled ratio: (1.0, 1.0)
18:59:19.007 [JavaFX Application Thread] DEBUG MainWindow           - Scene size: 800.0 x 600.0
18:59:19.007 [JavaFX Application Thread] DEBUG MainWindow           - Stage size: 816.0 x 639.0
18:59:19.012 [FXGL Background Thread 1 ] DEBUG Engine               - Initializing environment variables
18:59:19.037 [FXGL Background Thread 1 ] DEBUG WindowService        - Applying CSS: fxgl_dark.css
18:59:19.037 [FXGL Background Thread 1 ] DEBUG AssetLoaderService   - Loading from file system: /assets/ui/css/fxgl_dark.css
18:59:19.069 [FXGL Background Thread 1 ] DEBUG WindowService        - Initializing application scenes
18:59:19.094 [FXGL Background Thread 1 ] DEBUG GameWorld            - Game world initialized
18:59:19.123 [FXGL Background Thread 1 ] DEBUG PhysicsWorld         - Physics world initialized: appHeight=600, physics.ppm=50.0
18:59:19.126 [FXGL Background Thread 1 ] DEBUG GameScene            - Game scene initialized: 800x600
18:59:19.131 [FXGL Background Thread 1 ] DEBUG Input                - Registered new binding: Resume - Esc
18:59:19.135 [FXGL Background Thread 1 ] DEBUG AssetLoaderService   - Loading from file system: /assets/textures/pause_menu_bg.png
18:59:19.174 [FXGL Background Thread 1 ] DEBUG Input                - Registered new binding: Pause - Esc
18:59:19.174 [FXGL Background Thread 1 ] DEBUG WindowService        - Application scenes initialized
18:59:19.181 [FXGL Background Thread 1 ] DEBUG SystemBundleService  - Loading FXGL system data
18:59:19.184 [FXGL Background Thread 1 ] DEBUG FileSystemAccess     - Reading from: C:\Users\edwin\Desktop\sepa\A-Link-Between-Fists\system\fxgl.bundle
18:59:19.189 [FXGL Background Thread 1 ] DEBUG SystemBundleService  - Bundle FXGL: {}
18:59:19.189 [FXGL Background Thread 1 ] INFO  Engine               - FXGL initialization took: 0.175 sec
18:59:19.191 [FXGL Background Thread 1 ] DEBUG GameApplication      - Loading localizations
18:59:19.191 [FXGL Background Thread 1 ] DEBUG AssetLoaderService   - Loading from file system: /assets/properties/languages/english.properties
18:59:19.192 [FXGL Background Thread 1 ] DEBUG AssetLoaderService   - Loading from file system: /assets/properties/languages/french.properties
18:59:19.193 [FXGL Background Thread 1 ] DEBUG AssetLoaderService   - Loading from file system: /assets/properties/languages/german.properties
18:59:19.195 [FXGL Background Thread 1 ] DEBUG AssetLoaderService   - Loading from file system: /assets/properties/languages/hungarian.properties
18:59:19.196 [FXGL Background Thread 1 ] DEBUG AssetLoaderService   - Loading from file system: /assets/properties/languages/russian.properties
18:59:19.197 [FXGL Background Thread 1 ] DEBUG GameApplication      - Registering font factories with UI factory
18:59:19.197 [FXGL Background Thread 1 ] DEBUG AssetLoaderService   - Loading from file system: /assets/ui/fonts/VarelaRound-Regular.ttf
18:59:19.324 [FXGL Background Thread 1 ] DEBUG AssetLoaderService   - Loading from file system: /assets/ui/fonts/Abel-Regular.ttf
18:59:19.330 [FXGL Background Thread 1 ] DEBUG AssetLoaderService   - Loading from file system: /assets/ui/fonts/lucida_console.ttf
18:59:19.338 [FXGL Background Thread 1 ] DEBUG AssetLoaderService   - Loading from file system: /assets/ui/fonts/Courier-Prime.ttf
18:59:19.346 [JavaFX Application Thread] DEBUG Input                - Registered new binding: Right - D
18:59:19.346 [JavaFX Application Thread] DEBUG Input                - Registered new binding: Up - W
18:59:19.347 [JavaFX Application Thread] DEBUG Input                - Registered new binding: Left - A
18:59:19.347 [JavaFX Application Thread] DEBUG Input                - Registered new binding: Down - S
18:59:19.347 [JavaFX Application Thread] DEBUG AssetLoaderService   - Loading from file system: /assets/textures/fxgl_icon.png
18:59:19.362 [JavaFX Application Thread] DEBUG AssetLoaderService   - Loading from file system: /assets/ui/cursors/fxgl_default.png
18:59:19.364 [JavaFX Application Thread] DEBUG Input                - Registered new binding: Screenshot - P
18:59:19.364 [JavaFX Application Thread] DEBUG Input                - Registered new binding: System info dump - CTRL+9
18:59:19.364 [JavaFX Application Thread] DEBUG Input                - Registered new binding: Restart - CTRL+R
18:59:19.364 [JavaFX Application Thread] DEBUG LoopRunner           - Starting loop
18:59:19.379 [JavaFX Application Thread] DEBUG FXGLStartupScene     - STARTUP
18:59:19.380 [JavaFX Application Thread] DEBUG WindowService        - Starting new game
18:59:19.382 [JavaFX Application Thread] DEBUG Input                - Clearing active input actions
18:59:19.391 [JavaFX Application Thread] DEBUG WindowService        - Removing overlay from FXGLStartupScene and adding to FXGLLoadingScene
18:59:19.391 [JavaFX Application Thread] DEBUG MainWindow           - FXGLStartupScene -> FXGLLoadingScene
18:59:19.391 [JavaFX Application Thread] DEBUG WindowService        - Clearing previous game
18:59:19.391 [JavaFX Application Thread] DEBUG GameScene            - Clearing game scene
18:59:19.391 [JavaFX Application Thread] DEBUG GameWorld            - Clearing game world
18:59:19.392 [JavaFX Application Thread] DEBUG PhysicsWorld         - Clearing physics world
18:59:19.393 [FXGL Background Thread 1 ] DEBUG GameApplication      - Initializing game
18:59:19.397 [FXGL Background Thread 1 ] DEBUG AssetLoaderService   - Loading from file system: /assets/textures/tempSprite.png
18:59:19.405 [FXGL Background Thread 1 ] DEBUG AssetLoaderService   - Loading from cache: /assets/textures/tempSprite.png
18:59:19.405 [FXGL Background Thread 1 ] DEBUG AssetLoaderService   - Loading from cache: /assets/textures/tempSprite.png
18:59:19.405 [FXGL Background Thread 1 ] DEBUG AssetLoaderService   - Loading from cache: /assets/textures/tempSprite.png
18:59:19.412 [FXGL Background Thread 1 ] DEBUG AssetLoaderService   - Loading from file system: /assets/textures/bow.png
18:59:19.415 [FXGL Background Thread 1 ] INFO  GameApplication      - Game initialization took: 0.023 sec
18:59:19.420 [JavaFX Application Thread] DEBUG Input                - Clearing active input actions
18:59:19.426 [JavaFX Application Thread] DEBUG WindowService        - Removing overlay from FXGLLoadingScene and adding to GameScene
18:59:19.426 [JavaFX Application Thread] DEBUG MainWindow           - FXGLLoadingScene -> GameScene
18:59:22.192 [FXGL Background Thread 2 ] DEBUG Engine               - Logging environment variables
18:59:22.192 [FXGL Background Thread 2 ] DEBUG Engine               - achievements: []
18:59:22.192 [FXGL Background Thread 2 ] DEBUG Engine               - language: ObjectProperty [value: ENGLISH]
18:59:22.192 [FXGL Background Thread 2 ] DEBUG Engine               - isCloseConfirmation: false
18:59:22.192 [FXGL Background Thread 2 ] DEBUG Engine               - isProfilingEnabled: false
18:59:22.192 [FXGL Background Thread 2 ] DEBUG Engine               - soundNotification: core/notification.wav
18:59:22.192 [FXGL Background Thread 2 ] DEBUG Engine               - devShowBBoxProperty: BooleanProperty [value: false]
18:59:22.192 [FXGL Background Thread 2 ] DEBUG Engine               - pixelsPerMeter: 50.0
18:59:22.192 [FXGL Background Thread 2 ] DEBUG Engine               - soundMenuBack: menu/back.wav
18:59:22.192 [FXGL Background Thread 2 ] DEBUG Engine               - appIcon: fxgl_icon.png
18:59:22.192 [FXGL Background Thread 2 ] DEBUG Engine               - isFullScreenAllowed: false
18:59:22.192 [FXGL Background Thread 2 ] DEBUG Engine               - isIntroEnabled: false
18:59:22.192 [FXGL Background Thread 2 ] DEBUG Engine               - fontMono: lucida_console.ttf
18:59:22.192 [FXGL Background Thread 2 ] DEBUG Engine               - soundMenuSelect: menu/select.wav
18:59:22.193 [FXGL Background Thread 2 ] DEBUG Engine               - isWindows: true
18:59:22.193 [FXGL Background Thread 2 ] DEBUG Engine               - isMobile: false
18:59:22.193 [FXGL Background Thread 2 ] DEBUG Engine               - isUserProfileEnabled: false
18:59:22.193 [FXGL Background Thread 2 ] DEBUG Engine               - height: 600
18:59:22.193 [FXGL Background Thread 2 ] DEBUG Engine               - isExperimentalNative: false
18:59:22.193 [FXGL Background Thread 2 ] DEBUG Engine               - settings: Title: Untitled
Version: 0.0
Width: 800
Height: 600
Fullscreen: false
Intro: false
Menus: false
Profiling: false
Single step:false
App Mode: DEVELOPER
Menu Key: ESCAPE
Stage Style: DECORATED
Scene Factory: class com.almasb.fxgl.app.scene.SceneFactory

18:59:22.193 [FXGL Background Thread 2 ] DEBUG Engine               - isSingleStep: false
18:59:22.193 [FXGL Background Thread 2 ] DEBUG Engine               - cSSList: [fxgl_dark.css]
18:59:22.193 [FXGL Background Thread 2 ] DEBUG Engine               - fontGame: Abel-Regular.ttf
18:59:22.193 [FXGL Background Thread 2 ] DEBUG Engine               - menuKey: ESCAPE
18:59:22.193 [FXGL Background Thread 2 ] DEBUG Engine               - devShowPositionProperty: BooleanProperty [value: false]
18:59:22.193 [FXGL Background Thread 2 ] DEBUG Engine               - versionCheckDays: 7
18:59:22.194 [FXGL Background Thread 2 ] DEBUG Engine               - configClass: Optional.empty
18:59:22.194 [FXGL Background Thread 2 ] DEBUG Engine               - isFullScreenFromStart: false
18:59:22.194 [FXGL Background Thread 2 ] DEBUG Engine               - version: 0.0
18:59:22.194 [FXGL Background Thread 2 ] DEBUG Engine               - fullScreen: BooleanProperty [value: false]
18:59:22.194 [FXGL Background Thread 2 ] DEBUG Engine               - randomSeed: -1
18:59:22.194 [FXGL Background Thread 2 ] DEBUG Engine               - gameDifficultyProperty: ObjectProperty [value: MEDIUM]
18:59:22.194 [FXGL Background Thread 2 ] DEBUG Engine               - applicationMode: DEVELOPER
18:59:22.194 [FXGL Background Thread 2 ] DEBUG Engine               - isMac: false
18:59:22.194 [FXGL Background Thread 2 ] DEBUG Engine               - isMenuEnabled: false
18:59:22.194 [FXGL Background Thread 2 ] DEBUG Engine               - urlPOM: https://raw.githubusercontent.com/AlmasB/FXGL/master/pom.xml
18:59:22.194 [FXGL Background Thread 2 ] DEBUG Engine               - profileName: StringProperty [value: DEFAULT]
18:59:22.194 [FXGL Background Thread 2 ] DEBUG Engine               - notificationViewClass: class com.almasb.fxgl.notification.view.XboxNotificationView
18:59:22.194 [FXGL Background Thread 2 ] DEBUG Engine               - devSensorColorProperty: ObjectProperty [value: 0xffff00ff]
18:59:22.194 [FXGL Background Thread 2 ] DEBUG Engine               - sceneFactory: com.almasb.fxgl.app.scene.SceneFactory@342514e4
18:59:22.194 [FXGL Background Thread 2 ] DEBUG Engine               - stageStyle: DECORATED
18:59:22.194 [FXGL Background Thread 2 ] DEBUG Engine               - isManualResizeEnabled: false
18:59:22.195 [FXGL Background Thread 2 ] DEBUG Engine               - title: Untitled
18:59:22.195 [FXGL Background Thread 2 ] DEBUG Engine               - platform: WINDOWS
18:59:22.195 [FXGL Background Thread 2 ] DEBUG Engine               - devBBoxColorProperty: ObjectProperty [value: 0xff0000ff]
18:59:22.195 [FXGL Background Thread 2 ] DEBUG Engine               - gameDifficulty: MEDIUM
18:59:22.195 [FXGL Background Thread 2 ] DEBUG Engine               - isDesktop: true
18:59:22.195 [FXGL Background Thread 2 ] DEBUG Engine               - supportedLanguages: [ENGLISH, FRENCH, GERMAN, HUNGARIAN, RUSSIAN]
18:59:22.195 [FXGL Background Thread 2 ] DEBUG Engine               - credits: []
18:59:22.195 [FXGL Background Thread 2 ] DEBUG Engine               - globalMusicVolumeProperty: DoubleProperty [value: 0.5]
18:59:22.195 [FXGL Background Thread 2 ] DEBUG Engine               - isPreserveResizeRatio: false
18:59:22.195 [FXGL Background Thread 2 ] DEBUG Engine               - fontText: Courier-Prime.ttf
18:59:22.195 [FXGL Background Thread 2 ] DEBUG Engine               - isExperimentalTiledLargeMap: false
18:59:22.195 [FXGL Background Thread 2 ] DEBUG Engine               - secondsIn24h: 60
18:59:22.195 [FXGL Background Thread 2 ] DEBUG Engine               - runtimeInfo: RuntimeInfo(platform=WINDOWS, version=11.8, build=08.03.2020 09.25)
18:59:22.195 [FXGL Background Thread 2 ] DEBUG Engine               - isLinux: false
18:59:22.195 [FXGL Background Thread 2 ] DEBUG Engine               - soundMenuPress: menu/press.wav
18:59:22.195 [FXGL Background Thread 2 ] DEBUG Engine               - urlGithub: https://github.com/AlmasB/FXGL
18:59:22.195 [FXGL Background Thread 2 ] DEBUG Engine               - profileDir: profiles/
18:59:22.195 [FXGL Background Thread 2 ] DEBUG Engine               - isDeveloperMenuEnabled: false
18:59:22.195 [FXGL Background Thread 2 ] DEBUG Engine               - globalSoundVolumeProperty: DoubleProperty [value: 0.5]
18:59:22.196 [FXGL Background Thread 2 ] DEBUG Engine               - mainWindow: com.almasb.fxgl.app.MainWindow@301a86b8
18:59:22.196 [FXGL Background Thread 2 ] DEBUG Engine               - isBrowser: false
18:59:22.196 [FXGL Background Thread 2 ] DEBUG Engine               - globalSoundVolume: 0.5
18:59:22.196 [FXGL Background Thread 2 ] DEBUG Engine               - urlLeaderboard: http://fxgl-top.herokuapp.com/
18:59:22.196 [FXGL Background Thread 2 ] DEBUG Engine               - engineServices: [class com.almasb.fxgl.app.GameApplication$GameApplicationService, class com.almasb.fxgl.app.services.WindowService, class com.almasb.fxgl.app.services.FXGLDialogService, class com.almasb.fxgl.app.services.IOTaskExecutorService, class com.almasb.fxgl.event.EventBusService, class com.almasb.fxgl.io.FileSystemService, class com.almasb.fxgl.localization.LocalizationService, class com.almasb.fxgl.app.services.AssetLoaderService, class com.almasb.fxgl.app.services.SystemBundleService, class com.almasb.fxgl.profile.SaveLoadService, class com.almasb.fxgl.ui.FXGLUIFactoryServiceProvider, class com.almasb.fxgl.ui.FXGLDialogFactoryServiceProvider, class com.almasb.fxgl.audio.AudioPlayer, class com.almasb.fxgl.notification.impl.NotificationServiceProvider, class com.almasb.fxgl.achievement.AchievementService, class com.almasb.fxgl.cutscene.CutsceneService, class com.almasb.fxgl.minigames.MiniGameService, class com.almasb.fxgl.net.NetService, class com.almasb.fxgl.app.services.UpdaterService]
18:59:22.196 [FXGL Background Thread 2 ] DEBUG Engine               - globalMusicVolume: 0.5
18:59:22.196 [FXGL Background Thread 2 ] DEBUG Engine               - width: 800
18:59:22.196 [FXGL Background Thread 2 ] DEBUG Engine               - saveFileExt: sav
18:59:22.196 [FXGL Background Thread 2 ] DEBUG Engine               - isAndroid: false
18:59:22.196 [FXGL Background Thread 2 ] DEBUG Engine               - fontUI: VarelaRound-Regular.ttf
18:59:22.196 [FXGL Background Thread 2 ] DEBUG Engine               - enabledMenuItems: []
18:59:22.196 [FXGL Background Thread 2 ] DEBUG Engine               - isIOS: false
18:59:22.196 [FXGL Background Thread 2 ] DEBUG Engine               - Logging services
18:59:22.196 [FXGL Background Thread 2 ] DEBUG Engine               - class com.almasb.fxgl.app.GameApplication$GameApplicationService
18:59:22.196 [FXGL Background Thread 2 ] DEBUG Engine               - class com.almasb.fxgl.app.services.WindowService
18:59:22.196 [FXGL Background Thread 2 ] DEBUG Engine               - class com.almasb.fxgl.app.services.FXGLDialogService
18:59:22.196 [FXGL Background Thread 2 ] DEBUG Engine               - class com.almasb.fxgl.app.services.IOTaskExecutorService
18:59:22.196 [FXGL Background Thread 2 ] DEBUG Engine               - class com.almasb.fxgl.event.EventBusService
18:59:22.196 [FXGL Background Thread 2 ] DEBUG Engine               - class com.almasb.fxgl.io.FileSystemService
18:59:22.196 [FXGL Background Thread 2 ] DEBUG Engine               - class com.almasb.fxgl.localization.LocalizationService
18:59:22.196 [FXGL Background Thread 2 ] DEBUG Engine               - class com.almasb.fxgl.app.services.AssetLoaderService
18:59:22.197 [FXGL Background Thread 2 ] DEBUG Engine               - class com.almasb.fxgl.app.services.SystemBundleService
18:59:22.197 [FXGL Background Thread 2 ] DEBUG Engine               - class com.almasb.fxgl.profile.SaveLoadService
18:59:22.197 [FXGL Background Thread 2 ] DEBUG Engine               - class com.almasb.fxgl.ui.FXGLUIFactoryServiceProvider
18:59:22.197 [FXGL Background Thread 2 ] DEBUG Engine               - class com.almasb.fxgl.ui.FXGLDialogFactoryServiceProvider
18:59:22.197 [FXGL Background Thread 2 ] DEBUG Engine               - class com.almasb.fxgl.audio.AudioPlayer
18:59:22.197 [FXGL Background Thread 2 ] DEBUG Engine               - class com.almasb.fxgl.notification.impl.NotificationServiceProvider
18:59:22.197 [FXGL Background Thread 2 ] DEBUG Engine               - class com.almasb.fxgl.achievement.AchievementService
18:59:22.197 [FXGL Background Thread 2 ] DEBUG Engine               - class com.almasb.fxgl.cutscene.CutsceneService
18:59:22.197 [FXGL Background Thread 2 ] DEBUG Engine               - class com.almasb.fxgl.minigames.MiniGameService
18:59:22.197 [FXGL Background Thread 2 ] DEBUG Engine               - class com.almasb.fxgl.net.NetService
18:59:22.197 [FXGL Background Thread 2 ] DEBUG Engine               - class com.almasb.fxgl.app.services.UpdaterService
18:59:29.498 [JavaFX Application Thread] DEBUG GameApplication      - Exiting FXGL
18:59:29.498 [JavaFX Application Thread] DEBUG LoopRunner           - Stopping loop
18:59:29.498 [JavaFX Application Thread] DEBUG SystemBundleService  - Saving FXGL system data
18:59:29.500 [JavaFX Application Thread] DEBUG FileSystemAccess     - Writing to: C:\Users\edwin\Desktop\sepa\A-Link-Between-Fists\system\fxgl.bundle
18:59:29.501 [JavaFX Application Thread] DEBUG GameApplication      - Shutting down background threads
18:59:29.501 [JavaFX Application Thread] DEBUG GameApplication      - Closing logger and exiting JavaFX
