22:27:24.208 [main                     ] DEBUG GameApplication      - Logger initialized
22:27:24.208 [main                     ] DEBUG GameApplication      - Logging settings
Title: Link Between Fists
Version: 1.0
Width: 1280
Height: 720
Fullscreen: false
Intro: false
Menus: false
Profiling: false
Single step:false
App Mode: DEVELOPER
Menu Key: ESCAPE
Stage Style: DECORATED
Scene Factory: class com.almasb.fxgl.app.scene.SceneFactory

22:27:24.439 [JavaFX Application Thread] DEBUG GameApplication      - Initializing FXGL
22:27:24.451 [JavaFX Application Thread] INFO  Engine               - FXGL-11.8 (08.03.2020 09.25) on WINDOWS (J:13.0.2 FX:13.0.2)
22:27:24.451 [JavaFX Application Thread] INFO  Engine               - Source code and latest versions at: https://github.com/AlmasB/FXGL
22:27:24.451 [JavaFX Application Thread] INFO  Engine               -              Join the FXGL chat at: https://gitter.im/AlmasB/FXGL
22:27:24.539 [JavaFX Application Thread] DEBUG MainWindow           - Creating a JavaFX scene
22:27:24.577 [JavaFX Application Thread] DEBUG MainWindow           - Target settings size: 1280.0 x 720.0
22:27:24.577 [JavaFX Application Thread] DEBUG MainWindow           - Scaled scene size:    1280.0 x 720.0
22:27:24.577 [JavaFX Application Thread] DEBUG MainWindow           - Scaled ratio: (1.0, 1.0)
22:27:24.579 [JavaFX Application Thread] DEBUG MainWindow           - Set initial scene to FXGLStartupScene
22:27:24.583 [JavaFX Application Thread] DEBUG MainWindow           - Opening main window
22:27:24.654 [JavaFX Application Thread] DEBUG MainWindow           - Window border size: (16.0, 39.0)
22:27:24.654 [JavaFX Application Thread] DEBUG MainWindow           - Scaled size: 1280.0 x 720.0
22:27:24.655 [JavaFX Application Thread] DEBUG MainWindow           - Scaled ratio: (1.0, 1.0)
22:27:24.655 [JavaFX Application Thread] DEBUG MainWindow           - Scene size: 1280.0 x 720.0
22:27:24.655 [JavaFX Application Thread] DEBUG MainWindow           - Stage size: 1296.0 x 759.0
22:27:24.661 [FXGL Background Thread 1 ] DEBUG Engine               - Initializing environment variables
22:27:24.684 [FXGL Background Thread 1 ] DEBUG WindowService        - Applying CSS: fxgl_dark.css
22:27:24.685 [FXGL Background Thread 1 ] DEBUG AssetLoaderService   - Loading from file system: /assets/ui/css/fxgl_dark.css
22:27:24.722 [FXGL Background Thread 1 ] DEBUG WindowService        - Initializing application scenes
22:27:24.747 [FXGL Background Thread 1 ] DEBUG GameWorld            - Game world initialized
22:27:24.778 [FXGL Background Thread 1 ] DEBUG PhysicsWorld         - Physics world initialized: appHeight=720, physics.ppm=50.0
22:27:24.780 [FXGL Background Thread 1 ] DEBUG GameScene            - Game scene initialized: 1280x720
22:27:24.786 [FXGL Background Thread 1 ] DEBUG Input                - Registered new binding: Resume - Esc
22:27:24.790 [FXGL Background Thread 1 ] DEBUG AssetLoaderService   - Loading from file system: /assets/textures/pause_menu_bg.png
22:27:24.829 [FXGL Background Thread 1 ] DEBUG Input                - Registered new binding: Pause - Esc
22:27:24.829 [FXGL Background Thread 1 ] DEBUG WindowService        - Application scenes initialized
22:27:24.836 [FXGL Background Thread 1 ] DEBUG SystemBundleService  - Loading FXGL system data
22:27:24.838 [FXGL Background Thread 1 ] DEBUG FileSystemAccess     - Reading from: C:\Users\edwin\Desktop\sepa\A-Link-Between-Fists\system\fxgl.bundle
22:27:24.844 [FXGL Background Thread 1 ] DEBUG SystemBundleService  - Bundle FXGL: {}
22:27:24.844 [FXGL Background Thread 1 ] INFO  Engine               - FXGL initialization took: 0.181 sec
22:27:24.846 [FXGL Background Thread 1 ] DEBUG GameApplication      - Loading localizations
22:27:24.846 [FXGL Background Thread 1 ] DEBUG AssetLoaderService   - Loading from file system: /assets/properties/languages/english.properties
22:27:24.848 [FXGL Background Thread 1 ] DEBUG AssetLoaderService   - Loading from file system: /assets/properties/languages/french.properties
22:27:24.849 [FXGL Background Thread 1 ] DEBUG AssetLoaderService   - Loading from file system: /assets/properties/languages/german.properties
22:27:24.850 [FXGL Background Thread 1 ] DEBUG AssetLoaderService   - Loading from file system: /assets/properties/languages/hungarian.properties
22:27:24.852 [FXGL Background Thread 1 ] DEBUG AssetLoaderService   - Loading from file system: /assets/properties/languages/russian.properties
22:27:24.853 [FXGL Background Thread 1 ] DEBUG GameApplication      - Registering font factories with UI factory
22:27:24.853 [FXGL Background Thread 1 ] DEBUG AssetLoaderService   - Loading from file system: /assets/ui/fonts/VarelaRound-Regular.ttf
22:27:24.982 [FXGL Background Thread 1 ] DEBUG AssetLoaderService   - Loading from file system: /assets/ui/fonts/Abel-Regular.ttf
22:27:24.989 [FXGL Background Thread 1 ] DEBUG AssetLoaderService   - Loading from file system: /assets/ui/fonts/lucida_console.ttf
22:27:24.997 [FXGL Background Thread 1 ] DEBUG AssetLoaderService   - Loading from file system: /assets/ui/fonts/Courier-Prime.ttf
22:27:25.005 [JavaFX Application Thread] DEBUG Input                - Registered new binding: Right - D
22:27:25.005 [JavaFX Application Thread] DEBUG Input                - Registered new binding: Up - W
22:27:25.005 [JavaFX Application Thread] DEBUG Input                - Registered new binding: Left - A
22:27:25.005 [JavaFX Application Thread] DEBUG Input                - Registered new binding: Down - S
22:27:25.005 [JavaFX Application Thread] DEBUG AssetLoaderService   - Loading from file system: /assets/textures/fxgl_icon.png
22:27:25.019 [JavaFX Application Thread] DEBUG AssetLoaderService   - Loading from file system: /assets/ui/cursors/fxgl_default.png
22:27:25.020 [JavaFX Application Thread] DEBUG Input                - Registered new binding: Screenshot - P
22:27:25.020 [JavaFX Application Thread] DEBUG Input                - Registered new binding: System info dump - CTRL+9
22:27:25.021 [JavaFX Application Thread] DEBUG Input                - Registered new binding: Restart - CTRL+R
22:27:25.021 [JavaFX Application Thread] DEBUG LoopRunner           - Starting loop
22:27:25.039 [JavaFX Application Thread] DEBUG FXGLStartupScene     - STARTUP
22:27:25.039 [JavaFX Application Thread] DEBUG WindowService        - Starting new game
22:27:25.041 [JavaFX Application Thread] DEBUG Input                - Clearing active input actions
22:27:25.048 [JavaFX Application Thread] DEBUG WindowService        - Removing overlay from FXGLStartupScene and adding to FXGLLoadingScene
22:27:25.049 [JavaFX Application Thread] DEBUG MainWindow           - FXGLStartupScene -> FXGLLoadingScene
22:27:25.049 [JavaFX Application Thread] DEBUG WindowService        - Clearing previous game
22:27:25.049 [JavaFX Application Thread] DEBUG GameScene            - Clearing game scene
22:27:25.049 [JavaFX Application Thread] DEBUG GameWorld            - Clearing game world
22:27:25.049 [JavaFX Application Thread] DEBUG PhysicsWorld         - Clearing physics world
22:27:25.050 [FXGL Background Thread 1 ] DEBUG GameApplication      - Initializing game
22:27:25.055 [FXGL Background Thread 1 ] DEBUG AssetLoaderService   - Loading from file system: /assets/textures/tempSprite.png
22:27:25.064 [FXGL Background Thread 1 ] DEBUG AssetLoaderService   - Loading from cache: /assets/textures/tempSprite.png
22:27:25.065 [FXGL Background Thread 1 ] DEBUG AssetLoaderService   - Loading from cache: /assets/textures/tempSprite.png
22:27:25.065 [FXGL Background Thread 1 ] DEBUG AssetLoaderService   - Loading from cache: /assets/textures/tempSprite.png
22:27:25.074 [FXGL Background Thread 1 ] INFO  GameApplication      - Game initialization took: 0.024 sec
22:27:25.080 [JavaFX Application Thread] DEBUG Input                - Clearing active input actions
22:27:25.088 [JavaFX Application Thread] DEBUG WindowService        - Removing overlay from FXGLLoadingScene and adding to GameScene
22:27:25.088 [JavaFX Application Thread] DEBUG MainWindow           - FXGLLoadingScene -> GameScene
22:27:26.045 [JavaFX Application Thread] DEBUG LoopRunner           - Stopping loop
22:27:27.847 [FXGL Background Thread 2 ] DEBUG Engine               - Logging environment variables
22:27:27.847 [FXGL Background Thread 2 ] DEBUG Engine               - achievements: []
22:27:27.847 [FXGL Background Thread 2 ] DEBUG Engine               - language: ObjectProperty [value: ENGLISH]
22:27:27.847 [FXGL Background Thread 2 ] DEBUG Engine               - isCloseConfirmation: false
22:27:27.847 [FXGL Background Thread 2 ] DEBUG Engine               - isProfilingEnabled: false
22:27:27.847 [FXGL Background Thread 2 ] DEBUG Engine               - soundNotification: core/notification.wav
22:27:27.847 [FXGL Background Thread 2 ] DEBUG Engine               - devShowBBoxProperty: BooleanProperty [value: false]
22:27:27.847 [FXGL Background Thread 2 ] DEBUG Engine               - pixelsPerMeter: 50.0
22:27:27.847 [FXGL Background Thread 2 ] DEBUG Engine               - appIcon: fxgl_icon.png
22:27:27.847 [FXGL Background Thread 2 ] DEBUG Engine               - soundMenuBack: menu/back.wav
22:27:27.847 [FXGL Background Thread 2 ] DEBUG Engine               - isFullScreenAllowed: false
22:27:27.847 [FXGL Background Thread 2 ] DEBUG Engine               - isIntroEnabled: false
22:27:27.847 [FXGL Background Thread 2 ] DEBUG Engine               - fontMono: lucida_console.ttf
22:27:27.847 [FXGL Background Thread 2 ] DEBUG Engine               - soundMenuSelect: menu/select.wav
22:27:27.847 [FXGL Background Thread 2 ] DEBUG Engine               - isWindows: true
22:27:27.847 [FXGL Background Thread 2 ] DEBUG Engine               - isMobile: false
22:27:27.848 [FXGL Background Thread 2 ] DEBUG Engine               - isUserProfileEnabled: false
22:27:27.848 [FXGL Background Thread 2 ] DEBUG Engine               - height: 720
22:27:27.848 [FXGL Background Thread 2 ] DEBUG Engine               - isExperimentalNative: false
22:27:27.848 [FXGL Background Thread 2 ] DEBUG Engine               - settings: Title: Link Between Fists
Version: 1.0
Width: 1280
Height: 720
Fullscreen: false
Intro: false
Menus: false
Profiling: false
Single step:false
App Mode: DEVELOPER
Menu Key: ESCAPE
Stage Style: DECORATED
Scene Factory: class com.almasb.fxgl.app.scene.SceneFactory

22:27:27.848 [FXGL Background Thread 2 ] DEBUG Engine               - cSSList: [fxgl_dark.css]
22:27:27.848 [FXGL Background Thread 2 ] DEBUG Engine               - isSingleStep: false
22:27:27.848 [FXGL Background Thread 2 ] DEBUG Engine               - fontGame: Abel-Regular.ttf
22:27:27.848 [FXGL Background Thread 2 ] DEBUG Engine               - menuKey: ESCAPE
22:27:27.848 [FXGL Background Thread 2 ] DEBUG Engine               - devShowPositionProperty: BooleanProperty [value: false]
22:27:27.848 [FXGL Background Thread 2 ] DEBUG Engine               - versionCheckDays: 7
22:27:27.848 [FXGL Background Thread 2 ] DEBUG Engine               - configClass: Optional.empty
22:27:27.848 [FXGL Background Thread 2 ] DEBUG Engine               - isFullScreenFromStart: false
22:27:27.848 [FXGL Background Thread 2 ] DEBUG Engine               - version: 1.0
22:27:27.848 [FXGL Background Thread 2 ] DEBUG Engine               - fullScreen: BooleanProperty [value: false]
22:27:27.848 [FXGL Background Thread 2 ] DEBUG Engine               - randomSeed: -1
22:27:27.848 [FXGL Background Thread 2 ] DEBUG Engine               - gameDifficultyProperty: ObjectProperty [value: MEDIUM]
22:27:27.848 [FXGL Background Thread 2 ] DEBUG Engine               - applicationMode: DEVELOPER
22:27:27.848 [FXGL Background Thread 2 ] DEBUG Engine               - isMac: false
22:27:27.848 [FXGL Background Thread 2 ] DEBUG Engine               - isMenuEnabled: false
22:27:27.849 [FXGL Background Thread 2 ] DEBUG Engine               - urlPOM: https://raw.githubusercontent.com/AlmasB/FXGL/master/pom.xml
22:27:27.849 [FXGL Background Thread 2 ] DEBUG Engine               - profileName: StringProperty [value: DEFAULT]
22:27:27.849 [FXGL Background Thread 2 ] DEBUG Engine               - notificationViewClass: class com.almasb.fxgl.notification.view.XboxNotificationView
22:27:27.849 [FXGL Background Thread 2 ] DEBUG Engine               - devSensorColorProperty: ObjectProperty [value: 0xffff00ff]
22:27:27.849 [FXGL Background Thread 2 ] DEBUG Engine               - sceneFactory: com.almasb.fxgl.app.scene.SceneFactory@524e1f6b
22:27:27.849 [FXGL Background Thread 2 ] DEBUG Engine               - stageStyle: DECORATED
22:27:27.849 [FXGL Background Thread 2 ] DEBUG Engine               - isManualResizeEnabled: false
22:27:27.849 [FXGL Background Thread 2 ] DEBUG Engine               - title: Link Between Fists
22:27:27.849 [FXGL Background Thread 2 ] DEBUG Engine               - platform: WINDOWS
22:27:27.849 [FXGL Background Thread 2 ] DEBUG Engine               - devBBoxColorProperty: ObjectProperty [value: 0xff0000ff]
22:27:27.849 [FXGL Background Thread 2 ] DEBUG Engine               - gameDifficulty: MEDIUM
22:27:27.849 [FXGL Background Thread 2 ] DEBUG Engine               - isDesktop: true
22:27:27.849 [FXGL Background Thread 2 ] DEBUG Engine               - supportedLanguages: [ENGLISH, FRENCH, GERMAN, HUNGARIAN, RUSSIAN]
22:27:27.849 [FXGL Background Thread 2 ] DEBUG Engine               - credits: []
22:27:27.849 [FXGL Background Thread 2 ] DEBUG Engine               - globalMusicVolumeProperty: DoubleProperty [value: 0.5]
22:27:27.849 [FXGL Background Thread 2 ] DEBUG Engine               - isPreserveResizeRatio: false
22:27:27.849 [FXGL Background Thread 2 ] DEBUG Engine               - fontText: Courier-Prime.ttf
22:27:27.849 [FXGL Background Thread 2 ] DEBUG Engine               - isExperimentalTiledLargeMap: false
22:27:27.850 [FXGL Background Thread 2 ] DEBUG Engine               - secondsIn24h: 60
22:27:27.850 [FXGL Background Thread 2 ] DEBUG Engine               - runtimeInfo: RuntimeInfo(platform=WINDOWS, version=11.8, build=08.03.2020 09.25)
22:27:27.850 [FXGL Background Thread 2 ] DEBUG Engine               - isLinux: false
22:27:27.850 [FXGL Background Thread 2 ] DEBUG Engine               - soundMenuPress: menu/press.wav
22:27:27.850 [FXGL Background Thread 2 ] DEBUG Engine               - urlGithub: https://github.com/AlmasB/FXGL
22:27:27.850 [FXGL Background Thread 2 ] DEBUG Engine               - profileDir: profiles/
22:27:27.850 [FXGL Background Thread 2 ] DEBUG Engine               - isDeveloperMenuEnabled: false
22:27:27.850 [FXGL Background Thread 2 ] DEBUG Engine               - globalSoundVolumeProperty: DoubleProperty [value: 0.5]
22:27:27.850 [FXGL Background Thread 2 ] DEBUG Engine               - mainWindow: com.almasb.fxgl.app.MainWindow@567191fa
22:27:27.850 [FXGL Background Thread 2 ] DEBUG Engine               - isBrowser: false
22:27:27.850 [FXGL Background Thread 2 ] DEBUG Engine               - urlLeaderboard: http://fxgl-top.herokuapp.com/
22:27:27.850 [FXGL Background Thread 2 ] DEBUG Engine               - globalSoundVolume: 0.5
22:27:27.850 [FXGL Background Thread 2 ] DEBUG Engine               - engineServices: [class com.almasb.fxgl.app.GameApplication$GameApplicationService, class com.almasb.fxgl.app.services.WindowService, class com.almasb.fxgl.app.services.FXGLDialogService, class com.almasb.fxgl.app.services.IOTaskExecutorService, class com.almasb.fxgl.event.EventBusService, class com.almasb.fxgl.io.FileSystemService, class com.almasb.fxgl.localization.LocalizationService, class com.almasb.fxgl.app.services.AssetLoaderService, class com.almasb.fxgl.app.services.SystemBundleService, class com.almasb.fxgl.profile.SaveLoadService, class com.almasb.fxgl.ui.FXGLUIFactoryServiceProvider, class com.almasb.fxgl.ui.FXGLDialogFactoryServiceProvider, class com.almasb.fxgl.audio.AudioPlayer, class com.almasb.fxgl.notification.impl.NotificationServiceProvider, class com.almasb.fxgl.achievement.AchievementService, class com.almasb.fxgl.cutscene.CutsceneService, class com.almasb.fxgl.minigames.MiniGameService, class com.almasb.fxgl.net.NetService, class com.almasb.fxgl.app.services.UpdaterService]
22:27:27.850 [FXGL Background Thread 2 ] DEBUG Engine               - globalMusicVolume: 0.5
22:27:27.850 [FXGL Background Thread 2 ] DEBUG Engine               - width: 1280
22:27:27.850 [FXGL Background Thread 2 ] DEBUG Engine               - saveFileExt: sav
22:27:27.850 [FXGL Background Thread 2 ] DEBUG Engine               - isAndroid: false
22:27:27.850 [FXGL Background Thread 2 ] DEBUG Engine               - fontUI: VarelaRound-Regular.ttf
22:27:27.850 [FXGL Background Thread 2 ] DEBUG Engine               - enabledMenuItems: []
22:27:27.851 [FXGL Background Thread 2 ] DEBUG Engine               - isIOS: false
22:27:27.851 [FXGL Background Thread 2 ] DEBUG Engine               - Logging services
22:27:27.851 [FXGL Background Thread 2 ] DEBUG Engine               - class com.almasb.fxgl.app.GameApplication$GameApplicationService
22:27:27.851 [FXGL Background Thread 2 ] DEBUG Engine               - class com.almasb.fxgl.app.services.WindowService
22:27:27.851 [FXGL Background Thread 2 ] DEBUG Engine               - class com.almasb.fxgl.app.services.FXGLDialogService
22:27:27.851 [FXGL Background Thread 2 ] DEBUG Engine               - class com.almasb.fxgl.app.services.IOTaskExecutorService
22:27:27.851 [FXGL Background Thread 2 ] DEBUG Engine               - class com.almasb.fxgl.event.EventBusService
22:27:27.851 [FXGL Background Thread 2 ] DEBUG Engine               - class com.almasb.fxgl.io.FileSystemService
22:27:27.851 [FXGL Background Thread 2 ] DEBUG Engine               - class com.almasb.fxgl.localization.LocalizationService
22:27:27.851 [FXGL Background Thread 2 ] DEBUG Engine               - class com.almasb.fxgl.app.services.AssetLoaderService
22:27:27.851 [FXGL Background Thread 2 ] DEBUG Engine               - class com.almasb.fxgl.app.services.SystemBundleService
22:27:27.851 [FXGL Background Thread 2 ] DEBUG Engine               - class com.almasb.fxgl.profile.SaveLoadService
22:27:27.851 [FXGL Background Thread 2 ] DEBUG Engine               - class com.almasb.fxgl.ui.FXGLUIFactoryServiceProvider
22:27:27.851 [FXGL Background Thread 2 ] DEBUG Engine               - class com.almasb.fxgl.ui.FXGLDialogFactoryServiceProvider
22:27:27.851 [FXGL Background Thread 2 ] DEBUG Engine               - class com.almasb.fxgl.audio.AudioPlayer
22:27:27.851 [FXGL Background Thread 2 ] DEBUG Engine               - class com.almasb.fxgl.notification.impl.NotificationServiceProvider
22:27:27.851 [FXGL Background Thread 2 ] DEBUG Engine               - class com.almasb.fxgl.achievement.AchievementService
22:27:27.851 [FXGL Background Thread 2 ] DEBUG Engine               - class com.almasb.fxgl.cutscene.CutsceneService
22:27:27.851 [FXGL Background Thread 2 ] DEBUG Engine               - class com.almasb.fxgl.minigames.MiniGameService
22:27:27.851 [FXGL Background Thread 2 ] DEBUG Engine               - class com.almasb.fxgl.net.NetService
22:27:27.851 [FXGL Background Thread 2 ] DEBUG Engine               - class com.almasb.fxgl.app.services.UpdaterService
22:27:39.618 [JavaFX Application Thread] FATAL GameApplication      - Uncaught Exception:

Fatal exception occurred: java.lang.IllegalStateException : No EntityFactory was added! Call gameWorld.addEntityFactory()
E: com.almasb.fxgl.entity.GameWorld.create(GameWorld.kt:388)
E: com.almasb.fxgl.entity.GameWorld.spawn(GameWorld.kt:374)
E: com.almasb.fxgl.entity.GameWorld.spawn(GameWorld.kt:362)
E: com.almasb.fxgl.dsl.FXGL$Companion.spawn(FXGL.kt:421)
E: com.almasb.fxgl.dsl.FXGL.spawn(FXGL.kt)
E: src.application.LinkBetweenFists.lambda$0(LinkBetweenFists.java:42)
E: com.almasb.fxgl.time.TimerAction.update(TimerAction.kt:69)
E: com.almasb.fxgl.time.Timer.update(Timer.kt:38)
E: com.almasb.fxgl.scene.Scene.update(Scene.kt:74)
E: com.almasb.fxgl.app.MainWindow$update$1.invoke(MainWindow.kt:208)
E: com.almasb.fxgl.app.MainWindow$update$1.invoke(MainWindow.kt:38)
E: com.almasb.fxgl.core.fsm.StateMachine.runOnActiveStates(StateMachine.kt:60)
E: com.almasb.fxgl.app.MainWindow.update(MainWindow.kt:208)
E: com.almasb.fxgl.app.services.WindowService.onUpdate(WindowService.kt:115)
E: com.almasb.fxgl.app.Engine.loop(Engine.kt:129)
E: com.almasb.fxgl.app.Engine.access$loop(Engine.kt:25)
E: com.almasb.fxgl.app.Engine$loop$1.invoke(Engine.kt:29)
E: com.almasb.fxgl.app.Engine$loop$1.invoke(Engine.kt:25)
E: com.almasb.fxgl.app.LoopRunner.frame(LoopRunner.kt:86)
E: com.almasb.fxgl.app.LoopRunner.access$frame(LoopRunner.kt:17)
E: com.almasb.fxgl.app.LoopRunner$impl$2$1.handle(LoopRunner.kt:37)
E: javafx.animation.AnimationTimer$AnimationTimerReceiver.lambda$handle$0(AnimationTimer.java:57)
E: java.base/java.security.AccessController.doPrivileged(AccessController.java:391)
E: javafx.animation.AnimationTimer$AnimationTimerReceiver.handle(AnimationTimer.java:56)
E: com.sun.scenario.animation.AbstractMasterTimer.timePulseImpl(AbstractMasterTimer.java:357)
E: com.sun.scenario.animation.AbstractMasterTimer$MainLoop.run(AbstractMasterTimer.java:267)
E: com.sun.javafx.tk.quantum.QuantumToolkit.pulse(QuantumToolkit.java:559)
E: com.sun.javafx.tk.quantum.QuantumToolkit.pulse(QuantumToolkit.java:543)
E: com.sun.javafx.tk.quantum.QuantumToolkit.pulseFromQueue(QuantumToolkit.java:536)
E: com.sun.javafx.tk.quantum.QuantumToolkit.lambda$runToolkit$11(QuantumToolkit.java:342)
E: com.sun.glass.ui.InvokeLaterDispatcher$Future.run(InvokeLaterDispatcher.java:96)
E: com.sun.glass.ui.win.WinApplication._runLoop(Native Method)
E: com.sun.glass.ui.win.WinApplication.lambda$runLoop$3(WinApplication.java:174)
E: java.base/java.lang.Thread.run(Thread.java:830)

22:27:39.623 [JavaFX Application Thread] FATAL GameApplication      - Application will now exit
22:27:39.623 [JavaFX Application Thread] DEBUG GameApplication      - Exiting FXGL
22:27:39.623 [JavaFX Application Thread] DEBUG GameApplication      - Shutting down background threads
22:27:39.623 [JavaFX Application Thread] DEBUG GameApplication      - Closing logger and exiting JavaFX
