20:17:53.740 [main                     ] DEBUG GameApplication      - Logger initialized
20:17:53.743 [main                     ] DEBUG GameApplication      - Logging settings
Title: Link Between Fists
Version: 1.0
Width: 1280
Height: 720
Fullscreen: false
Intro: false
Menus: false
Profiling: false
Single step:false
App Mode: DEVELOPER
Menu Key: ESCAPE
Stage Style: DECORATED
Scene Factory: class com.almasb.fxgl.app.scene.SceneFactory

20:17:53.939 [JavaFX Application Thread] DEBUG GameApplication      - Initializing FXGL
20:17:53.951 [JavaFX Application Thread] INFO  Engine               - FXGL-11.8 (08.03.2020 09.25) on WINDOWS (J:13.0.2 FX:13.0.2)
20:17:53.951 [JavaFX Application Thread] INFO  Engine               - Source code and latest versions at: https://github.com/AlmasB/FXGL
20:17:53.951 [JavaFX Application Thread] INFO  Engine               -              Join the FXGL chat at: https://gitter.im/AlmasB/FXGL
20:17:54.042 [JavaFX Application Thread] DEBUG MainWindow           - Creating a JavaFX scene
20:17:54.078 [JavaFX Application Thread] DEBUG MainWindow           - Target settings size: 1280.0 x 720.0
20:17:54.078 [JavaFX Application Thread] DEBUG MainWindow           - Scaled scene size:    1280.0 x 720.0
20:17:54.078 [JavaFX Application Thread] DEBUG MainWindow           - Scaled ratio: (1.0, 1.0)
20:17:54.079 [JavaFX Application Thread] DEBUG MainWindow           - Set initial scene to FXGLStartupScene
20:17:54.084 [JavaFX Application Thread] DEBUG MainWindow           - Opening main window
20:17:54.157 [JavaFX Application Thread] DEBUG MainWindow           - Window border size: (16.0, 39.0)
20:17:54.157 [JavaFX Application Thread] DEBUG MainWindow           - Scaled size: 1280.0 x 720.0
20:17:54.157 [JavaFX Application Thread] DEBUG MainWindow           - Scaled ratio: (1.0, 1.0)
20:17:54.157 [JavaFX Application Thread] DEBUG MainWindow           - Scene size: 1280.0 x 720.0
20:17:54.157 [JavaFX Application Thread] DEBUG MainWindow           - Stage size: 1296.0 x 759.0
20:17:54.164 [FXGL Background Thread 1 ] DEBUG Engine               - Initializing environment variables
20:17:54.187 [FXGL Background Thread 1 ] DEBUG WindowService        - Applying CSS: fxgl_dark.css
20:17:54.187 [FXGL Background Thread 1 ] DEBUG AssetLoaderService   - Loading from file system: /assets/ui/css/fxgl_dark.css
20:17:54.220 [FXGL Background Thread 1 ] DEBUG WindowService        - Initializing application scenes
20:17:54.250 [FXGL Background Thread 1 ] DEBUG GameWorld            - Game world initialized
20:17:54.284 [FXGL Background Thread 1 ] DEBUG PhysicsWorld         - Physics world initialized: appHeight=720, physics.ppm=50.0
20:17:54.287 [FXGL Background Thread 1 ] DEBUG GameScene            - Game scene initialized: 1280x720
20:17:54.292 [FXGL Background Thread 1 ] DEBUG Input                - Registered new binding: Resume - Esc
20:17:54.297 [FXGL Background Thread 1 ] DEBUG AssetLoaderService   - Loading from file system: /assets/textures/pause_menu_bg.png
20:17:54.343 [FXGL Background Thread 1 ] DEBUG Input                - Registered new binding: Pause - Esc
20:17:54.343 [FXGL Background Thread 1 ] DEBUG WindowService        - Application scenes initialized
20:17:54.354 [FXGL Background Thread 1 ] DEBUG SystemBundleService  - Loading FXGL system data
20:17:54.357 [FXGL Background Thread 1 ] DEBUG FileSystemAccess     - Reading from: C:\Users\edwin\Desktop\sepa\A-Link-Between-Fists\system\fxgl.bundle
20:17:54.364 [FXGL Background Thread 1 ] DEBUG SystemBundleService  - Bundle FXGL: {}
20:17:54.364 [FXGL Background Thread 1 ] INFO  Engine               - FXGL initialization took: 0.198 sec
20:17:54.366 [FXGL Background Thread 1 ] DEBUG GameApplication      - Loading localizations
20:17:54.367 [FXGL Background Thread 1 ] DEBUG AssetLoaderService   - Loading from file system: /assets/properties/languages/english.properties
20:17:54.369 [FXGL Background Thread 1 ] DEBUG AssetLoaderService   - Loading from file system: /assets/properties/languages/french.properties
20:17:54.370 [FXGL Background Thread 1 ] DEBUG AssetLoaderService   - Loading from file system: /assets/properties/languages/german.properties
20:17:54.372 [FXGL Background Thread 1 ] DEBUG AssetLoaderService   - Loading from file system: /assets/properties/languages/hungarian.properties
20:17:54.373 [FXGL Background Thread 1 ] DEBUG AssetLoaderService   - Loading from file system: /assets/properties/languages/russian.properties
20:17:54.374 [FXGL Background Thread 1 ] DEBUG GameApplication      - Registering font factories with UI factory
20:17:54.374 [FXGL Background Thread 1 ] DEBUG AssetLoaderService   - Loading from file system: /assets/ui/fonts/VarelaRound-Regular.ttf
20:17:54.501 [FXGL Background Thread 1 ] DEBUG AssetLoaderService   - Loading from file system: /assets/ui/fonts/Abel-Regular.ttf
20:17:54.508 [FXGL Background Thread 1 ] DEBUG AssetLoaderService   - Loading from file system: /assets/ui/fonts/lucida_console.ttf
20:17:54.516 [FXGL Background Thread 1 ] DEBUG AssetLoaderService   - Loading from file system: /assets/ui/fonts/Courier-Prime.ttf
20:17:54.524 [JavaFX Application Thread] DEBUG Input                - Registered new binding: Right - D
20:17:54.524 [JavaFX Application Thread] DEBUG Input                - Registered new binding: Up - W
20:17:54.525 [JavaFX Application Thread] DEBUG Input                - Registered new binding: Left - A
20:17:54.525 [JavaFX Application Thread] DEBUG Input                - Registered new binding: Down - S
20:17:54.525 [JavaFX Application Thread] DEBUG AssetLoaderService   - Loading from file system: /assets/textures/fxgl_icon.png
20:17:54.541 [JavaFX Application Thread] DEBUG AssetLoaderService   - Loading from file system: /assets/ui/cursors/fxgl_default.png
20:17:54.543 [JavaFX Application Thread] DEBUG Input                - Registered new binding: Screenshot - P
20:17:54.544 [JavaFX Application Thread] DEBUG Input                - Registered new binding: System info dump - CTRL+9
20:17:54.544 [JavaFX Application Thread] DEBUG Input                - Registered new binding: Restart - CTRL+R
20:17:54.544 [JavaFX Application Thread] DEBUG LoopRunner           - Starting loop
20:17:54.556 [JavaFX Application Thread] DEBUG FXGLStartupScene     - STARTUP
20:17:54.556 [JavaFX Application Thread] DEBUG WindowService        - Starting new game
20:17:54.558 [JavaFX Application Thread] DEBUG Input                - Clearing active input actions
20:17:54.566 [JavaFX Application Thread] DEBUG WindowService        - Removing overlay from FXGLStartupScene and adding to FXGLLoadingScene
20:17:54.566 [JavaFX Application Thread] DEBUG MainWindow           - FXGLStartupScene -> FXGLLoadingScene
20:17:54.566 [JavaFX Application Thread] DEBUG WindowService        - Clearing previous game
20:17:54.566 [JavaFX Application Thread] DEBUG GameScene            - Clearing game scene
20:17:54.567 [JavaFX Application Thread] DEBUG GameWorld            - Clearing game world
20:17:54.567 [JavaFX Application Thread] DEBUG PhysicsWorld         - Clearing physics world
20:17:54.568 [FXGL Background Thread 1 ] DEBUG GameApplication      - Initializing game
20:17:54.573 [FXGL Background Thread 1 ] DEBUG AssetLoaderService   - Loading from file system: /assets/textures/tempSprite.png
20:17:54.585 [FXGL Background Thread 1 ] DEBUG AssetLoaderService   - Loading from cache: /assets/textures/tempSprite.png
20:17:54.585 [FXGL Background Thread 1 ] DEBUG AssetLoaderService   - Loading from cache: /assets/textures/tempSprite.png
20:17:54.585 [FXGL Background Thread 1 ] DEBUG AssetLoaderService   - Loading from cache: /assets/textures/tempSprite.png
20:17:54.594 [FXGL Background Thread 1 ] INFO  GameApplication      - Game initialization took: 0.026 sec
20:17:54.598 [JavaFX Application Thread] DEBUG Input                - Clearing active input actions
20:17:54.604 [JavaFX Application Thread] DEBUG WindowService        - Removing overlay from FXGLLoadingScene and adding to GameScene
20:17:54.605 [JavaFX Application Thread] DEBUG MainWindow           - FXGLLoadingScene -> GameScene
20:17:55.561 [JavaFX Application Thread] DEBUG AssetLoaderService   - Loading from cache: /assets/textures/tempSprite.png
20:17:56.473 [JavaFX Application Thread] DEBUG AssetLoaderService   - Loading from cache: /assets/textures/tempSprite.png
20:17:56.920 [JavaFX Application Thread] DEBUG AssetLoaderService   - Loading from cache: /assets/textures/tempSprite.png
20:17:57.367 [FXGL Background Thread 2 ] DEBUG Engine               - Logging environment variables
20:17:57.367 [FXGL Background Thread 2 ] DEBUG Engine               - achievements: []
20:17:57.367 [FXGL Background Thread 2 ] DEBUG Engine               - language: ObjectProperty [value: ENGLISH]
20:17:57.367 [FXGL Background Thread 2 ] DEBUG Engine               - isCloseConfirmation: false
20:17:57.367 [FXGL Background Thread 2 ] DEBUG Engine               - isProfilingEnabled: false
20:17:57.367 [FXGL Background Thread 2 ] DEBUG Engine               - soundNotification: core/notification.wav
20:17:57.367 [FXGL Background Thread 2 ] DEBUG Engine               - devShowBBoxProperty: BooleanProperty [value: false]
20:17:57.367 [FXGL Background Thread 2 ] DEBUG Engine               - pixelsPerMeter: 50.0
20:17:57.367 [FXGL Background Thread 2 ] DEBUG Engine               - soundMenuBack: menu/back.wav
20:17:57.367 [FXGL Background Thread 2 ] DEBUG Engine               - appIcon: fxgl_icon.png
20:17:57.367 [FXGL Background Thread 2 ] DEBUG Engine               - isFullScreenAllowed: false
20:17:57.367 [FXGL Background Thread 2 ] DEBUG Engine               - isIntroEnabled: false
20:17:57.367 [FXGL Background Thread 2 ] DEBUG Engine               - fontMono: lucida_console.ttf
20:17:57.367 [FXGL Background Thread 2 ] DEBUG Engine               - soundMenuSelect: menu/select.wav
20:17:57.367 [FXGL Background Thread 2 ] DEBUG Engine               - isWindows: true
20:17:57.367 [FXGL Background Thread 2 ] DEBUG Engine               - isMobile: false
20:17:57.368 [FXGL Background Thread 2 ] DEBUG Engine               - isUserProfileEnabled: false
20:17:57.368 [FXGL Background Thread 2 ] DEBUG Engine               - height: 720
20:17:57.368 [FXGL Background Thread 2 ] DEBUG Engine               - isExperimentalNative: false
20:17:57.368 [FXGL Background Thread 2 ] DEBUG Engine               - settings: Title: Link Between Fists
Version: 1.0
Width: 1280
Height: 720
Fullscreen: false
Intro: false
Menus: false
Profiling: false
Single step:false
App Mode: DEVELOPER
Menu Key: ESCAPE
Stage Style: DECORATED
Scene Factory: class com.almasb.fxgl.app.scene.SceneFactory

20:17:57.368 [FXGL Background Thread 2 ] DEBUG Engine               - isSingleStep: false
20:17:57.368 [FXGL Background Thread 2 ] DEBUG Engine               - cSSList: [fxgl_dark.css]
20:17:57.368 [FXGL Background Thread 2 ] DEBUG Engine               - fontGame: Abel-Regular.ttf
20:17:57.368 [FXGL Background Thread 2 ] DEBUG Engine               - menuKey: ESCAPE
20:17:57.368 [FXGL Background Thread 2 ] DEBUG Engine               - devShowPositionProperty: BooleanProperty [value: false]
20:17:57.368 [FXGL Background Thread 2 ] DEBUG Engine               - versionCheckDays: 7
20:17:57.368 [FXGL Background Thread 2 ] DEBUG Engine               - configClass: Optional.empty
20:17:57.368 [FXGL Background Thread 2 ] DEBUG Engine               - isFullScreenFromStart: false
20:17:57.368 [FXGL Background Thread 2 ] DEBUG Engine               - version: 1.0
20:17:57.368 [FXGL Background Thread 2 ] DEBUG Engine               - fullScreen: BooleanProperty [value: false]
20:17:57.368 [FXGL Background Thread 2 ] DEBUG Engine               - randomSeed: -1
20:17:57.368 [FXGL Background Thread 2 ] DEBUG Engine               - gameDifficultyProperty: ObjectProperty [value: MEDIUM]
20:17:57.368 [FXGL Background Thread 2 ] DEBUG Engine               - applicationMode: DEVELOPER
20:17:57.368 [FXGL Background Thread 2 ] DEBUG Engine               - isMac: false
20:17:57.368 [FXGL Background Thread 2 ] DEBUG Engine               - isMenuEnabled: false
20:17:57.368 [FXGL Background Thread 2 ] DEBUG Engine               - urlPOM: https://raw.githubusercontent.com/AlmasB/FXGL/master/pom.xml
20:17:57.369 [FXGL Background Thread 2 ] DEBUG Engine               - profileName: StringProperty [value: DEFAULT]
20:17:57.369 [FXGL Background Thread 2 ] DEBUG Engine               - notificationViewClass: class com.almasb.fxgl.notification.view.XboxNotificationView
20:17:57.369 [FXGL Background Thread 2 ] DEBUG Engine               - devSensorColorProperty: ObjectProperty [value: 0xffff00ff]
20:17:57.369 [FXGL Background Thread 2 ] DEBUG Engine               - sceneFactory: com.almasb.fxgl.app.scene.SceneFactory@5d553f2d
20:17:57.369 [FXGL Background Thread 2 ] DEBUG Engine               - stageStyle: DECORATED
20:17:57.369 [FXGL Background Thread 2 ] DEBUG Engine               - isManualResizeEnabled: false
20:17:57.369 [FXGL Background Thread 2 ] DEBUG Engine               - title: Link Between Fists
20:17:57.369 [FXGL Background Thread 2 ] DEBUG Engine               - platform: WINDOWS
20:17:57.369 [FXGL Background Thread 2 ] DEBUG Engine               - devBBoxColorProperty: ObjectProperty [value: 0xff0000ff]
20:17:57.369 [FXGL Background Thread 2 ] DEBUG Engine               - gameDifficulty: MEDIUM
20:17:57.369 [FXGL Background Thread 2 ] DEBUG Engine               - isDesktop: true
20:17:57.369 [FXGL Background Thread 2 ] DEBUG Engine               - supportedLanguages: [ENGLISH, FRENCH, GERMAN, HUNGARIAN, RUSSIAN]
20:17:57.369 [FXGL Background Thread 2 ] DEBUG Engine               - credits: []
20:17:57.369 [FXGL Background Thread 2 ] DEBUG Engine               - globalMusicVolumeProperty: DoubleProperty [value: 0.5]
20:17:57.370 [FXGL Background Thread 2 ] DEBUG Engine               - isPreserveResizeRatio: false
20:17:57.370 [FXGL Background Thread 2 ] DEBUG Engine               - fontText: Courier-Prime.ttf
20:17:57.370 [FXGL Background Thread 2 ] DEBUG Engine               - isExperimentalTiledLargeMap: false
20:17:57.370 [FXGL Background Thread 2 ] DEBUG Engine               - secondsIn24h: 60
20:17:57.370 [FXGL Background Thread 2 ] DEBUG Engine               - runtimeInfo: RuntimeInfo(platform=WINDOWS, version=11.8, build=08.03.2020 09.25)
20:17:57.370 [FXGL Background Thread 2 ] DEBUG Engine               - isLinux: false
20:17:57.370 [FXGL Background Thread 2 ] DEBUG Engine               - soundMenuPress: menu/press.wav
20:17:57.370 [FXGL Background Thread 2 ] DEBUG Engine               - urlGithub: https://github.com/AlmasB/FXGL
20:17:57.370 [FXGL Background Thread 2 ] DEBUG Engine               - profileDir: profiles/
20:17:57.370 [FXGL Background Thread 2 ] DEBUG Engine               - isDeveloperMenuEnabled: false
20:17:57.370 [FXGL Background Thread 2 ] DEBUG Engine               - globalSoundVolumeProperty: DoubleProperty [value: 0.5]
20:17:57.370 [FXGL Background Thread 2 ] DEBUG Engine               - mainWindow: com.almasb.fxgl.app.MainWindow@596aa05f
20:17:57.370 [FXGL Background Thread 2 ] DEBUG Engine               - isBrowser: false
20:17:57.371 [FXGL Background Thread 2 ] DEBUG Engine               - globalSoundVolume: 0.5
20:17:57.371 [FXGL Background Thread 2 ] DEBUG Engine               - urlLeaderboard: http://fxgl-top.herokuapp.com/
20:17:57.371 [FXGL Background Thread 2 ] DEBUG Engine               - engineServices: [class com.almasb.fxgl.app.GameApplication$GameApplicationService, class com.almasb.fxgl.app.services.WindowService, class com.almasb.fxgl.app.services.FXGLDialogService, class com.almasb.fxgl.app.services.IOTaskExecutorService, class com.almasb.fxgl.event.EventBusService, class com.almasb.fxgl.io.FileSystemService, class com.almasb.fxgl.localization.LocalizationService, class com.almasb.fxgl.app.services.AssetLoaderService, class com.almasb.fxgl.app.services.SystemBundleService, class com.almasb.fxgl.profile.SaveLoadService, class com.almasb.fxgl.ui.FXGLUIFactoryServiceProvider, class com.almasb.fxgl.ui.FXGLDialogFactoryServiceProvider, class com.almasb.fxgl.audio.AudioPlayer, class com.almasb.fxgl.notification.impl.NotificationServiceProvider, class com.almasb.fxgl.achievement.AchievementService, class com.almasb.fxgl.cutscene.CutsceneService, class com.almasb.fxgl.minigames.MiniGameService, class com.almasb.fxgl.net.NetService, class com.almasb.fxgl.app.services.UpdaterService]
20:17:57.371 [FXGL Background Thread 2 ] DEBUG Engine               - globalMusicVolume: 0.5
20:17:57.371 [FXGL Background Thread 2 ] DEBUG Engine               - width: 1280
20:17:57.371 [FXGL Background Thread 2 ] DEBUG Engine               - saveFileExt: sav
20:17:57.371 [FXGL Background Thread 2 ] DEBUG Engine               - isAndroid: false
20:17:57.371 [FXGL Background Thread 2 ] DEBUG Engine               - fontUI: VarelaRound-Regular.ttf
20:17:57.371 [FXGL Background Thread 2 ] DEBUG Engine               - enabledMenuItems: []
20:17:57.371 [FXGL Background Thread 2 ] DEBUG Engine               - isIOS: false
20:17:57.371 [FXGL Background Thread 2 ] DEBUG Engine               - Logging services
20:17:57.371 [FXGL Background Thread 2 ] DEBUG Engine               - class com.almasb.fxgl.app.GameApplication$GameApplicationService
20:17:57.371 [FXGL Background Thread 2 ] DEBUG Engine               - class com.almasb.fxgl.app.services.WindowService
20:17:57.371 [FXGL Background Thread 2 ] DEBUG Engine               - class com.almasb.fxgl.app.services.FXGLDialogService
20:17:57.372 [FXGL Background Thread 2 ] DEBUG Engine               - class com.almasb.fxgl.app.services.IOTaskExecutorService
20:17:57.372 [FXGL Background Thread 2 ] DEBUG Engine               - class com.almasb.fxgl.event.EventBusService
20:17:57.372 [FXGL Background Thread 2 ] DEBUG Engine               - class com.almasb.fxgl.io.FileSystemService
20:17:57.372 [FXGL Background Thread 2 ] DEBUG Engine               - class com.almasb.fxgl.localization.LocalizationService
20:17:57.372 [FXGL Background Thread 2 ] DEBUG Engine               - class com.almasb.fxgl.app.services.AssetLoaderService
20:17:57.372 [FXGL Background Thread 2 ] DEBUG Engine               - class com.almasb.fxgl.app.services.SystemBundleService
20:17:57.372 [FXGL Background Thread 2 ] DEBUG Engine               - class com.almasb.fxgl.profile.SaveLoadService
20:17:57.372 [FXGL Background Thread 2 ] DEBUG Engine               - class com.almasb.fxgl.ui.FXGLUIFactoryServiceProvider
20:17:57.372 [FXGL Background Thread 2 ] DEBUG Engine               - class com.almasb.fxgl.ui.FXGLDialogFactoryServiceProvider
20:17:57.372 [FXGL Background Thread 2 ] DEBUG Engine               - class com.almasb.fxgl.audio.AudioPlayer
20:17:57.372 [FXGL Background Thread 2 ] DEBUG Engine               - class com.almasb.fxgl.notification.impl.NotificationServiceProvider
20:17:57.372 [FXGL Background Thread 2 ] DEBUG Engine               - class com.almasb.fxgl.achievement.AchievementService
20:17:57.372 [FXGL Background Thread 2 ] DEBUG Engine               - class com.almasb.fxgl.cutscene.CutsceneService
20:17:57.372 [FXGL Background Thread 2 ] DEBUG Engine               - class com.almasb.fxgl.minigames.MiniGameService
20:17:57.372 [FXGL Background Thread 2 ] DEBUG Engine               - class com.almasb.fxgl.net.NetService
20:17:57.372 [FXGL Background Thread 2 ] DEBUG Engine               - class com.almasb.fxgl.app.services.UpdaterService
20:17:57.648 [JavaFX Application Thread] DEBUG AssetLoaderService   - Loading from cache: /assets/textures/tempSprite.png
20:17:58.054 [JavaFX Application Thread] DEBUG AssetLoaderService   - Loading from cache: /assets/textures/tempSprite.png
20:17:58.577 [JavaFX Application Thread] DEBUG AssetLoaderService   - Loading from cache: /assets/textures/tempSprite.png
20:17:58.947 [JavaFX Application Thread] DEBUG AssetLoaderService   - Loading from cache: /assets/textures/tempSprite.png
20:17:59.311 [JavaFX Application Thread] DEBUG AssetLoaderService   - Loading from cache: /assets/textures/tempSprite.png
20:17:59.705 [JavaFX Application Thread] DEBUG AssetLoaderService   - Loading from cache: /assets/textures/tempSprite.png
20:18:00.070 [JavaFX Application Thread] DEBUG AssetLoaderService   - Loading from cache: /assets/textures/tempSprite.png
20:18:00.457 [JavaFX Application Thread] DEBUG AssetLoaderService   - Loading from cache: /assets/textures/tempSprite.png
20:18:00.864 [JavaFX Application Thread] DEBUG AssetLoaderService   - Loading from cache: /assets/textures/tempSprite.png
20:18:01.319 [JavaFX Application Thread] DEBUG AssetLoaderService   - Loading from cache: /assets/textures/tempSprite.png
20:18:01.701 [JavaFX Application Thread] DEBUG AssetLoaderService   - Loading from cache: /assets/textures/tempSprite.png
20:18:02.066 [JavaFX Application Thread] DEBUG AssetLoaderService   - Loading from cache: /assets/textures/tempSprite.png
20:18:02.545 [JavaFX Application Thread] DEBUG AssetLoaderService   - Loading from cache: /assets/textures/tempSprite.png
20:18:02.915 [JavaFX Application Thread] DEBUG AssetLoaderService   - Loading from cache: /assets/textures/tempSprite.png
20:18:03.346 [JavaFX Application Thread] DEBUG AssetLoaderService   - Loading from cache: /assets/textures/tempSprite.png
20:18:03.897 [JavaFX Application Thread] DEBUG AssetLoaderService   - Loading from cache: /assets/textures/tempSprite.png
20:18:04.399 [JavaFX Application Thread] DEBUG GameApplication      - Exiting FXGL
20:18:04.399 [JavaFX Application Thread] DEBUG LoopRunner           - Stopping loop
20:18:04.399 [JavaFX Application Thread] DEBUG SystemBundleService  - Saving FXGL system data
20:18:04.400 [JavaFX Application Thread] DEBUG FileSystemAccess     - Writing to: C:\Users\edwin\Desktop\sepa\A-Link-Between-Fists\system\fxgl.bundle
20:18:04.401 [JavaFX Application Thread] DEBUG GameApplication      - Shutting down background threads
20:18:04.402 [JavaFX Application Thread] DEBUG GameApplication      - Closing logger and exiting JavaFX
