19:01:50.186 [main                     ] DEBUG GameApplication      - Logger initialized
19:01:50.186 [main                     ] DEBUG GameApplication      - Logging settings
Title: Link Between Fists
Version: 1.0
Width: 720
Height: 1280
Fullscreen: false
Intro: false
Menus: false
Profiling: false
Single step:false
App Mode: DEVELOPER
Menu Key: ESCAPE
Stage Style: DECORATED
Scene Factory: class com.almasb.fxgl.app.scene.SceneFactory

19:01:50.393 [JavaFX Application Thread] DEBUG GameApplication      - Initializing FXGL
19:01:50.404 [JavaFX Application Thread] INFO  Engine               - FXGL-11.8 (08.03.2020 09.25) on WINDOWS (J:13.0.2 FX:13.0.2)
19:01:50.404 [JavaFX Application Thread] INFO  Engine               - Source code and latest versions at: https://github.com/AlmasB/FXGL
19:01:50.404 [JavaFX Application Thread] INFO  Engine               -              Join the FXGL chat at: https://gitter.im/AlmasB/FXGL
19:01:50.494 [JavaFX Application Thread] DEBUG MainWindow           - Creating a JavaFX scene
19:01:50.531 [JavaFX Application Thread] DEBUG MainWindow           - Target settings size: 720.0 x 1280.0
19:01:50.531 [JavaFX Application Thread] DEBUG MainWindow           - Scaled scene size:    720.0 x 1280.0
19:01:50.531 [JavaFX Application Thread] DEBUG MainWindow           - Scaled ratio: (1.0, 1.0)
19:01:50.532 [JavaFX Application Thread] DEBUG MainWindow           - Set initial scene to FXGLStartupScene
19:01:50.536 [JavaFX Application Thread] DEBUG MainWindow           - Opening main window
19:01:50.608 [JavaFX Application Thread] DEBUG MainWindow           - Window border size: (16.0, 39.0)
19:01:50.608 [JavaFX Application Thread] DEBUG MainWindow           - Scaled size: 720.0 x 1280.0
19:01:50.608 [JavaFX Application Thread] DEBUG MainWindow           - Scaled ratio: (1.0, 1.0)
19:01:50.608 [JavaFX Application Thread] DEBUG MainWindow           - Scene size: 720.0 x 1280.0
19:01:50.609 [JavaFX Application Thread] DEBUG MainWindow           - Stage size: 736.0 x 1319.0
19:01:50.616 [FXGL Background Thread 1 ] DEBUG Engine               - Initializing environment variables
19:01:50.640 [FXGL Background Thread 1 ] DEBUG WindowService        - Applying CSS: fxgl_dark.css
19:01:50.641 [FXGL Background Thread 1 ] DEBUG AssetLoaderService   - Loading from file system: /assets/ui/css/fxgl_dark.css
19:01:50.686 [FXGL Background Thread 1 ] DEBUG WindowService        - Initializing application scenes
19:01:50.721 [FXGL Background Thread 1 ] DEBUG GameWorld            - Game world initialized
19:01:50.760 [FXGL Background Thread 1 ] DEBUG PhysicsWorld         - Physics world initialized: appHeight=1280, physics.ppm=50.0
19:01:50.762 [FXGL Background Thread 1 ] DEBUG GameScene            - Game scene initialized: 720x1280
19:01:50.768 [FXGL Background Thread 1 ] DEBUG Input                - Registered new binding: Resume - Esc
19:01:50.773 [FXGL Background Thread 1 ] DEBUG AssetLoaderService   - Loading from file system: /assets/textures/pause_menu_bg.png
19:01:50.824 [FXGL Background Thread 1 ] DEBUG Input                - Registered new binding: Pause - Esc
19:01:50.824 [FXGL Background Thread 1 ] DEBUG WindowService        - Application scenes initialized
19:01:50.835 [FXGL Background Thread 1 ] DEBUG SystemBundleService  - Loading FXGL system data
19:01:50.839 [FXGL Background Thread 1 ] DEBUG FileSystemAccess     - Reading from: C:\Users\edwin\Desktop\sepa\A-Link-Between-Fists\system\fxgl.bundle
19:01:50.847 [FXGL Background Thread 1 ] DEBUG SystemBundleService  - Bundle FXGL: {}
19:01:50.847 [FXGL Background Thread 1 ] INFO  Engine               - FXGL initialization took: 0.230 sec
19:01:50.849 [FXGL Background Thread 1 ] DEBUG GameApplication      - Loading localizations
19:01:50.849 [FXGL Background Thread 1 ] DEBUG AssetLoaderService   - Loading from file system: /assets/properties/languages/english.properties
19:01:50.851 [FXGL Background Thread 1 ] DEBUG AssetLoaderService   - Loading from file system: /assets/properties/languages/french.properties
19:01:50.852 [FXGL Background Thread 1 ] DEBUG AssetLoaderService   - Loading from file system: /assets/properties/languages/german.properties
19:01:50.853 [FXGL Background Thread 1 ] DEBUG AssetLoaderService   - Loading from file system: /assets/properties/languages/hungarian.properties
19:01:50.854 [FXGL Background Thread 1 ] DEBUG AssetLoaderService   - Loading from file system: /assets/properties/languages/russian.properties
19:01:50.856 [FXGL Background Thread 1 ] DEBUG GameApplication      - Registering font factories with UI factory
19:01:50.856 [FXGL Background Thread 1 ] DEBUG AssetLoaderService   - Loading from file system: /assets/ui/fonts/VarelaRound-Regular.ttf
19:01:50.977 [FXGL Background Thread 1 ] DEBUG AssetLoaderService   - Loading from file system: /assets/ui/fonts/Abel-Regular.ttf
19:01:50.983 [FXGL Background Thread 1 ] DEBUG AssetLoaderService   - Loading from file system: /assets/ui/fonts/lucida_console.ttf
19:01:50.991 [FXGL Background Thread 1 ] DEBUG AssetLoaderService   - Loading from file system: /assets/ui/fonts/Courier-Prime.ttf
19:01:50.999 [JavaFX Application Thread] DEBUG Input                - Registered new binding: Right - D
19:01:50.999 [JavaFX Application Thread] DEBUG Input                - Registered new binding: Up - W
19:01:50.999 [JavaFX Application Thread] DEBUG Input                - Registered new binding: Left - A
19:01:51.000 [JavaFX Application Thread] DEBUG Input                - Registered new binding: Down - S
19:01:51.000 [JavaFX Application Thread] DEBUG AssetLoaderService   - Loading from file system: /assets/textures/fxgl_icon.png
19:01:51.011 [JavaFX Application Thread] DEBUG AssetLoaderService   - Loading from file system: /assets/ui/cursors/fxgl_default.png
19:01:51.012 [JavaFX Application Thread] DEBUG Input                - Registered new binding: Screenshot - P
19:01:51.012 [JavaFX Application Thread] DEBUG Input                - Registered new binding: System info dump - CTRL+9
19:01:51.013 [JavaFX Application Thread] DEBUG Input                - Registered new binding: Restart - CTRL+R
19:01:51.013 [JavaFX Application Thread] DEBUG LoopRunner           - Starting loop
19:01:51.026 [JavaFX Application Thread] DEBUG FXGLStartupScene     - STARTUP
19:01:51.026 [JavaFX Application Thread] DEBUG WindowService        - Starting new game
19:01:51.028 [JavaFX Application Thread] DEBUG Input                - Clearing active input actions
19:01:51.035 [JavaFX Application Thread] DEBUG WindowService        - Removing overlay from FXGLStartupScene and adding to FXGLLoadingScene
19:01:51.035 [JavaFX Application Thread] DEBUG MainWindow           - FXGLStartupScene -> FXGLLoadingScene
19:01:51.035 [JavaFX Application Thread] DEBUG WindowService        - Clearing previous game
19:01:51.035 [JavaFX Application Thread] DEBUG GameScene            - Clearing game scene
19:01:51.035 [JavaFX Application Thread] DEBUG GameWorld            - Clearing game world
19:01:51.035 [JavaFX Application Thread] DEBUG PhysicsWorld         - Clearing physics world
19:01:51.036 [FXGL Background Thread 1 ] DEBUG GameApplication      - Initializing game
19:01:51.046 [FXGL Background Thread 1 ] DEBUG AssetLoaderService   - Loading from file system: /assets/textures/tempSprite.png
19:01:51.055 [FXGL Background Thread 1 ] DEBUG AssetLoaderService   - Loading from cache: /assets/textures/tempSprite.png
19:01:51.055 [FXGL Background Thread 1 ] DEBUG AssetLoaderService   - Loading from cache: /assets/textures/tempSprite.png
19:01:51.055 [FXGL Background Thread 1 ] DEBUG AssetLoaderService   - Loading from cache: /assets/textures/tempSprite.png
19:01:51.064 [FXGL Background Thread 1 ] DEBUG AssetLoaderService   - Loading from file system: /assets/textures/bow.png
19:01:51.065 [FXGL Background Thread 1 ] INFO  GameApplication      - Game initialization took: 0.029 sec
19:01:51.066 [JavaFX Application Thread] DEBUG Input                - Clearing active input actions
19:01:51.073 [JavaFX Application Thread] DEBUG WindowService        - Removing overlay from FXGLLoadingScene and adding to GameScene
19:01:51.074 [JavaFX Application Thread] DEBUG MainWindow           - FXGLLoadingScene -> GameScene
19:01:53.178 [JavaFX Application Thread] DEBUG GameApplication      - Exiting FXGL
19:01:53.178 [JavaFX Application Thread] DEBUG LoopRunner           - Stopping loop
19:01:53.178 [JavaFX Application Thread] DEBUG SystemBundleService  - Saving FXGL system data
19:01:53.179 [JavaFX Application Thread] DEBUG FileSystemAccess     - Writing to: C:\Users\edwin\Desktop\sepa\A-Link-Between-Fists\system\fxgl.bundle
19:01:53.180 [JavaFX Application Thread] DEBUG GameApplication      - Shutting down background threads
19:01:53.180 [JavaFX Application Thread] DEBUG GameApplication      - Closing logger and exiting JavaFX
