21:16:31.949 [main                     ] DEBUG GameApplication      - Logger initialized
21:16:31.953 [main                     ] DEBUG GameApplication      - Logging settings
Title: Link Between Fists
Version: 1.0
Width: 1280
Height: 720
Fullscreen: false
Intro: false
Menus: false
Profiling: false
Single step:false
App Mode: DEVELOPER
Menu Key: ESCAPE
Stage Style: DECORATED
Scene Factory: class com.almasb.fxgl.app.scene.SceneFactory

21:16:32.150 [JavaFX Application Thread] DEBUG GameApplication      - Initializing FXGL
21:16:32.162 [JavaFX Application Thread] INFO  Engine               - FXGL-11.8 (08.03.2020 09.25) on WINDOWS (J:13.0.2 FX:13.0.2)
21:16:32.162 [JavaFX Application Thread] INFO  Engine               - Source code and latest versions at: https://github.com/AlmasB/FXGL
21:16:32.162 [JavaFX Application Thread] INFO  Engine               -              Join the FXGL chat at: https://gitter.im/AlmasB/FXGL
21:16:32.254 [JavaFX Application Thread] DEBUG MainWindow           - Creating a JavaFX scene
21:16:32.310 [JavaFX Application Thread] DEBUG MainWindow           - Target settings size: 1280.0 x 720.0
21:16:32.310 [JavaFX Application Thread] DEBUG MainWindow           - Scaled scene size:    1280.0 x 720.0
21:16:32.310 [JavaFX Application Thread] DEBUG MainWindow           - Scaled ratio: (1.0, 1.0)
21:16:32.311 [JavaFX Application Thread] DEBUG MainWindow           - Set initial scene to FXGLStartupScene
21:16:32.315 [JavaFX Application Thread] DEBUG MainWindow           - Opening main window
21:16:32.389 [JavaFX Application Thread] DEBUG MainWindow           - Window border size: (16.0, 39.0)
21:16:32.389 [JavaFX Application Thread] DEBUG MainWindow           - Scaled size: 1280.0 x 720.0
21:16:32.390 [JavaFX Application Thread] DEBUG MainWindow           - Scaled ratio: (1.0, 1.0)
21:16:32.390 [JavaFX Application Thread] DEBUG MainWindow           - Scene size: 1280.0 x 720.0
21:16:32.390 [JavaFX Application Thread] DEBUG MainWindow           - Stage size: 1296.0 x 759.0
21:16:32.395 [FXGL Background Thread 1 ] DEBUG Engine               - Initializing environment variables
21:16:32.417 [FXGL Background Thread 1 ] DEBUG WindowService        - Applying CSS: fxgl_dark.css
21:16:32.418 [FXGL Background Thread 1 ] DEBUG AssetLoaderService   - Loading from file system: /assets/ui/css/fxgl_dark.css
21:16:32.450 [FXGL Background Thread 1 ] DEBUG WindowService        - Initializing application scenes
21:16:32.479 [FXGL Background Thread 1 ] DEBUG GameWorld            - Game world initialized
21:16:32.510 [FXGL Background Thread 1 ] DEBUG PhysicsWorld         - Physics world initialized: appHeight=720, physics.ppm=50.0
21:16:32.512 [FXGL Background Thread 1 ] DEBUG GameScene            - Game scene initialized: 1280x720
21:16:32.520 [FXGL Background Thread 1 ] DEBUG Input                - Registered new binding: Resume - Esc
21:16:32.525 [FXGL Background Thread 1 ] DEBUG AssetLoaderService   - Loading from file system: /assets/textures/pause_menu_bg.png
21:16:32.564 [FXGL Background Thread 1 ] DEBUG Input                - Registered new binding: Pause - Esc
21:16:32.565 [FXGL Background Thread 1 ] DEBUG WindowService        - Application scenes initialized
21:16:32.574 [FXGL Background Thread 1 ] DEBUG SystemBundleService  - Loading FXGL system data
21:16:32.578 [FXGL Background Thread 1 ] DEBUG FileSystemAccess     - Reading from: C:\Users\edwin\Desktop\sepa\A-Link-Between-Fists\system\fxgl.bundle
21:16:32.583 [FXGL Background Thread 1 ] DEBUG SystemBundleService  - Bundle FXGL: {}
21:16:32.583 [FXGL Background Thread 1 ] INFO  Engine               - FXGL initialization took: 0.187 sec
21:16:32.584 [FXGL Background Thread 1 ] DEBUG GameApplication      - Loading localizations
21:16:32.585 [FXGL Background Thread 1 ] DEBUG AssetLoaderService   - Loading from file system: /assets/properties/languages/english.properties
21:16:32.586 [FXGL Background Thread 1 ] DEBUG AssetLoaderService   - Loading from file system: /assets/properties/languages/french.properties
21:16:32.587 [FXGL Background Thread 1 ] DEBUG AssetLoaderService   - Loading from file system: /assets/properties/languages/german.properties
21:16:32.588 [FXGL Background Thread 1 ] DEBUG AssetLoaderService   - Loading from file system: /assets/properties/languages/hungarian.properties
21:16:32.589 [FXGL Background Thread 1 ] DEBUG AssetLoaderService   - Loading from file system: /assets/properties/languages/russian.properties
21:16:32.590 [FXGL Background Thread 1 ] DEBUG GameApplication      - Registering font factories with UI factory
21:16:32.590 [FXGL Background Thread 1 ] DEBUG AssetLoaderService   - Loading from file system: /assets/ui/fonts/VarelaRound-Regular.ttf
21:16:32.715 [FXGL Background Thread 1 ] DEBUG AssetLoaderService   - Loading from file system: /assets/ui/fonts/Abel-Regular.ttf
21:16:32.721 [FXGL Background Thread 1 ] DEBUG AssetLoaderService   - Loading from file system: /assets/ui/fonts/lucida_console.ttf
21:16:32.729 [FXGL Background Thread 1 ] DEBUG AssetLoaderService   - Loading from file system: /assets/ui/fonts/Courier-Prime.ttf
21:16:32.738 [JavaFX Application Thread] DEBUG Input                - Registered new binding: Right - D
21:16:32.738 [JavaFX Application Thread] DEBUG Input                - Registered new binding: Up - W
21:16:32.738 [JavaFX Application Thread] DEBUG Input                - Registered new binding: Left - A
21:16:32.738 [JavaFX Application Thread] DEBUG Input                - Registered new binding: Down - S
21:16:32.738 [JavaFX Application Thread] DEBUG AssetLoaderService   - Loading from file system: /assets/textures/fxgl_icon.png
21:16:32.755 [JavaFX Application Thread] DEBUG AssetLoaderService   - Loading from file system: /assets/ui/cursors/fxgl_default.png
21:16:32.757 [JavaFX Application Thread] DEBUG Input                - Registered new binding: Screenshot - P
21:16:32.757 [JavaFX Application Thread] DEBUG Input                - Registered new binding: System info dump - CTRL+9
21:16:32.757 [JavaFX Application Thread] DEBUG Input                - Registered new binding: Restart - CTRL+R
21:16:32.758 [JavaFX Application Thread] DEBUG LoopRunner           - Starting loop
21:16:32.767 [JavaFX Application Thread] DEBUG FXGLStartupScene     - STARTUP
21:16:32.767 [JavaFX Application Thread] DEBUG WindowService        - Starting new game
21:16:32.768 [JavaFX Application Thread] DEBUG Input                - Clearing active input actions
21:16:32.776 [JavaFX Application Thread] DEBUG WindowService        - Removing overlay from FXGLStartupScene and adding to FXGLLoadingScene
21:16:32.776 [JavaFX Application Thread] DEBUG MainWindow           - FXGLStartupScene -> FXGLLoadingScene
21:16:32.776 [JavaFX Application Thread] DEBUG WindowService        - Clearing previous game
21:16:32.776 [JavaFX Application Thread] DEBUG GameScene            - Clearing game scene
21:16:32.776 [JavaFX Application Thread] DEBUG GameWorld            - Clearing game world
21:16:32.777 [JavaFX Application Thread] DEBUG PhysicsWorld         - Clearing physics world
21:16:32.778 [FXGL Background Thread 1 ] DEBUG GameApplication      - Initializing game
21:16:32.783 [FXGL Background Thread 1 ] DEBUG AssetLoaderService   - Loading from file system: /assets/textures/tempSprite.png
21:16:32.791 [FXGL Background Thread 1 ] DEBUG AssetLoaderService   - Loading from cache: /assets/textures/tempSprite.png
21:16:32.792 [FXGL Background Thread 1 ] DEBUG AssetLoaderService   - Loading from cache: /assets/textures/tempSprite.png
21:16:32.792 [FXGL Background Thread 1 ] DEBUG AssetLoaderService   - Loading from cache: /assets/textures/tempSprite.png
21:16:32.799 [FXGL Background Thread 1 ] INFO  GameApplication      - Game initialization took: 0.021 sec
21:16:32.808 [JavaFX Application Thread] DEBUG Input                - Clearing active input actions
21:16:32.815 [JavaFX Application Thread] DEBUG WindowService        - Removing overlay from FXGLLoadingScene and adding to GameScene
21:16:32.815 [JavaFX Application Thread] DEBUG MainWindow           - FXGLLoadingScene -> GameScene
21:16:33.756 [JavaFX Application Thread] DEBUG AssetLoaderService   - Loading from file system: /assets/textures/bow.png
21:16:34.305 [JavaFX Application Thread] DEBUG AssetLoaderService   - Loading from cache: /assets/textures/bow.png
21:16:34.996 [JavaFX Application Thread] DEBUG AssetLoaderService   - Loading from cache: /assets/textures/bow.png
21:16:35.586 [FXGL Background Thread 2 ] DEBUG Engine               - Logging environment variables
21:16:35.586 [FXGL Background Thread 2 ] DEBUG Engine               - achievements: []
21:16:35.586 [FXGL Background Thread 2 ] DEBUG Engine               - language: ObjectProperty [value: ENGLISH]
21:16:35.586 [FXGL Background Thread 2 ] DEBUG Engine               - isCloseConfirmation: false
21:16:35.586 [FXGL Background Thread 2 ] DEBUG Engine               - isProfilingEnabled: false
21:16:35.586 [FXGL Background Thread 2 ] DEBUG Engine               - soundNotification: core/notification.wav
21:16:35.586 [FXGL Background Thread 2 ] DEBUG Engine               - devShowBBoxProperty: BooleanProperty [value: false]
21:16:35.586 [FXGL Background Thread 2 ] DEBUG Engine               - pixelsPerMeter: 50.0
21:16:35.586 [FXGL Background Thread 2 ] DEBUG Engine               - soundMenuBack: menu/back.wav
21:16:35.587 [FXGL Background Thread 2 ] DEBUG Engine               - appIcon: fxgl_icon.png
21:16:35.587 [FXGL Background Thread 2 ] DEBUG Engine               - isFullScreenAllowed: false
21:16:35.587 [FXGL Background Thread 2 ] DEBUG Engine               - isIntroEnabled: false
21:16:35.587 [FXGL Background Thread 2 ] DEBUG Engine               - fontMono: lucida_console.ttf
21:16:35.587 [FXGL Background Thread 2 ] DEBUG Engine               - soundMenuSelect: menu/select.wav
21:16:35.587 [FXGL Background Thread 2 ] DEBUG Engine               - isWindows: true
21:16:35.587 [FXGL Background Thread 2 ] DEBUG Engine               - isMobile: false
21:16:35.587 [FXGL Background Thread 2 ] DEBUG Engine               - isUserProfileEnabled: false
21:16:35.587 [FXGL Background Thread 2 ] DEBUG Engine               - height: 720
21:16:35.587 [FXGL Background Thread 2 ] DEBUG Engine               - isExperimentalNative: false
21:16:35.587 [FXGL Background Thread 2 ] DEBUG Engine               - settings: Title: Link Between Fists
Version: 1.0
Width: 1280
Height: 720
Fullscreen: false
Intro: false
Menus: false
Profiling: false
Single step:false
App Mode: DEVELOPER
Menu Key: ESCAPE
Stage Style: DECORATED
Scene Factory: class com.almasb.fxgl.app.scene.SceneFactory

21:16:35.587 [FXGL Background Thread 2 ] DEBUG Engine               - cSSList: [fxgl_dark.css]
21:16:35.587 [FXGL Background Thread 2 ] DEBUG Engine               - isSingleStep: false
21:16:35.587 [FXGL Background Thread 2 ] DEBUG Engine               - fontGame: Abel-Regular.ttf
21:16:35.587 [FXGL Background Thread 2 ] DEBUG Engine               - menuKey: ESCAPE
21:16:35.587 [FXGL Background Thread 2 ] DEBUG Engine               - devShowPositionProperty: BooleanProperty [value: false]
21:16:35.588 [FXGL Background Thread 2 ] DEBUG Engine               - versionCheckDays: 7
21:16:35.588 [FXGL Background Thread 2 ] DEBUG Engine               - configClass: Optional.empty
21:16:35.588 [FXGL Background Thread 2 ] DEBUG Engine               - isFullScreenFromStart: false
21:16:35.588 [FXGL Background Thread 2 ] DEBUG Engine               - version: 1.0
21:16:35.588 [FXGL Background Thread 2 ] DEBUG Engine               - fullScreen: BooleanProperty [value: false]
21:16:35.588 [FXGL Background Thread 2 ] DEBUG Engine               - randomSeed: -1
21:16:35.588 [FXGL Background Thread 2 ] DEBUG Engine               - gameDifficultyProperty: ObjectProperty [value: MEDIUM]
21:16:35.588 [FXGL Background Thread 2 ] DEBUG Engine               - applicationMode: DEVELOPER
21:16:35.588 [FXGL Background Thread 2 ] DEBUG Engine               - isMac: false
21:16:35.588 [FXGL Background Thread 2 ] DEBUG Engine               - isMenuEnabled: false
21:16:35.588 [FXGL Background Thread 2 ] DEBUG Engine               - urlPOM: https://raw.githubusercontent.com/AlmasB/FXGL/master/pom.xml
21:16:35.588 [FXGL Background Thread 2 ] DEBUG Engine               - profileName: StringProperty [value: DEFAULT]
21:16:35.588 [FXGL Background Thread 2 ] DEBUG Engine               - notificationViewClass: class com.almasb.fxgl.notification.view.XboxNotificationView
21:16:35.588 [FXGL Background Thread 2 ] DEBUG Engine               - devSensorColorProperty: ObjectProperty [value: 0xffff00ff]
21:16:35.588 [FXGL Background Thread 2 ] DEBUG Engine               - sceneFactory: com.almasb.fxgl.app.scene.SceneFactory@63a1b870
21:16:35.588 [FXGL Background Thread 2 ] DEBUG Engine               - stageStyle: DECORATED
21:16:35.588 [FXGL Background Thread 2 ] DEBUG Engine               - isManualResizeEnabled: false
21:16:35.589 [FXGL Background Thread 2 ] DEBUG Engine               - title: Link Between Fists
21:16:35.589 [FXGL Background Thread 2 ] DEBUG Engine               - platform: WINDOWS
21:16:35.589 [FXGL Background Thread 2 ] DEBUG Engine               - devBBoxColorProperty: ObjectProperty [value: 0xff0000ff]
21:16:35.589 [FXGL Background Thread 2 ] DEBUG Engine               - gameDifficulty: MEDIUM
21:16:35.589 [FXGL Background Thread 2 ] DEBUG Engine               - isDesktop: true
21:16:35.589 [FXGL Background Thread 2 ] DEBUG Engine               - supportedLanguages: [ENGLISH, FRENCH, GERMAN, HUNGARIAN, RUSSIAN]
21:16:35.589 [FXGL Background Thread 2 ] DEBUG Engine               - credits: []
21:16:35.589 [FXGL Background Thread 2 ] DEBUG Engine               - globalMusicVolumeProperty: DoubleProperty [value: 0.5]
21:16:35.589 [FXGL Background Thread 2 ] DEBUG Engine               - isPreserveResizeRatio: false
21:16:35.589 [FXGL Background Thread 2 ] DEBUG Engine               - fontText: Courier-Prime.ttf
21:16:35.589 [FXGL Background Thread 2 ] DEBUG Engine               - isExperimentalTiledLargeMap: false
21:16:35.589 [FXGL Background Thread 2 ] DEBUG Engine               - secondsIn24h: 60
21:16:35.589 [FXGL Background Thread 2 ] DEBUG Engine               - runtimeInfo: RuntimeInfo(platform=WINDOWS, version=11.8, build=08.03.2020 09.25)
21:16:35.589 [FXGL Background Thread 2 ] DEBUG Engine               - isLinux: false
21:16:35.589 [FXGL Background Thread 2 ] DEBUG Engine               - soundMenuPress: menu/press.wav
21:16:35.589 [FXGL Background Thread 2 ] DEBUG Engine               - urlGithub: https://github.com/AlmasB/FXGL
21:16:35.589 [FXGL Background Thread 2 ] DEBUG Engine               - profileDir: profiles/
21:16:35.589 [FXGL Background Thread 2 ] DEBUG Engine               - isDeveloperMenuEnabled: false
21:16:35.590 [FXGL Background Thread 2 ] DEBUG Engine               - globalSoundVolumeProperty: DoubleProperty [value: 0.5]
21:16:35.590 [FXGL Background Thread 2 ] DEBUG Engine               - mainWindow: com.almasb.fxgl.app.MainWindow@679e30dc
21:16:35.590 [FXGL Background Thread 2 ] DEBUG Engine               - isBrowser: false
21:16:35.590 [FXGL Background Thread 2 ] DEBUG Engine               - globalSoundVolume: 0.5
21:16:35.590 [FXGL Background Thread 2 ] DEBUG Engine               - urlLeaderboard: http://fxgl-top.herokuapp.com/
21:16:35.590 [FXGL Background Thread 2 ] DEBUG Engine               - engineServices: [class com.almasb.fxgl.app.GameApplication$GameApplicationService, class com.almasb.fxgl.app.services.WindowService, class com.almasb.fxgl.app.services.FXGLDialogService, class com.almasb.fxgl.app.services.IOTaskExecutorService, class com.almasb.fxgl.event.EventBusService, class com.almasb.fxgl.io.FileSystemService, class com.almasb.fxgl.localization.LocalizationService, class com.almasb.fxgl.app.services.AssetLoaderService, class com.almasb.fxgl.app.services.SystemBundleService, class com.almasb.fxgl.profile.SaveLoadService, class com.almasb.fxgl.ui.FXGLUIFactoryServiceProvider, class com.almasb.fxgl.ui.FXGLDialogFactoryServiceProvider, class com.almasb.fxgl.audio.AudioPlayer, class com.almasb.fxgl.notification.impl.NotificationServiceProvider, class com.almasb.fxgl.achievement.AchievementService, class com.almasb.fxgl.cutscene.CutsceneService, class com.almasb.fxgl.minigames.MiniGameService, class com.almasb.fxgl.net.NetService, class com.almasb.fxgl.app.services.UpdaterService]
21:16:35.590 [FXGL Background Thread 2 ] DEBUG Engine               - globalMusicVolume: 0.5
21:16:35.590 [FXGL Background Thread 2 ] DEBUG Engine               - width: 1280
21:16:35.590 [FXGL Background Thread 2 ] DEBUG Engine               - saveFileExt: sav
21:16:35.590 [FXGL Background Thread 2 ] DEBUG Engine               - isAndroid: false
21:16:35.590 [FXGL Background Thread 2 ] DEBUG Engine               - fontUI: VarelaRound-Regular.ttf
21:16:35.590 [FXGL Background Thread 2 ] DEBUG Engine               - enabledMenuItems: []
21:16:35.590 [FXGL Background Thread 2 ] DEBUG Engine               - isIOS: false
21:16:35.590 [FXGL Background Thread 2 ] DEBUG Engine               - Logging services
21:16:35.590 [FXGL Background Thread 2 ] DEBUG Engine               - class com.almasb.fxgl.app.GameApplication$GameApplicationService
21:16:35.590 [FXGL Background Thread 2 ] DEBUG Engine               - class com.almasb.fxgl.app.services.WindowService
21:16:35.590 [FXGL Background Thread 2 ] DEBUG Engine               - class com.almasb.fxgl.app.services.FXGLDialogService
21:16:35.590 [FXGL Background Thread 2 ] DEBUG Engine               - class com.almasb.fxgl.app.services.IOTaskExecutorService
21:16:35.590 [FXGL Background Thread 2 ] DEBUG Engine               - class com.almasb.fxgl.event.EventBusService
21:16:35.590 [FXGL Background Thread 2 ] DEBUG Engine               - class com.almasb.fxgl.io.FileSystemService
21:16:35.590 [FXGL Background Thread 2 ] DEBUG Engine               - class com.almasb.fxgl.localization.LocalizationService
21:16:35.591 [FXGL Background Thread 2 ] DEBUG Engine               - class com.almasb.fxgl.app.services.AssetLoaderService
21:16:35.591 [FXGL Background Thread 2 ] DEBUG Engine               - class com.almasb.fxgl.app.services.SystemBundleService
21:16:35.591 [FXGL Background Thread 2 ] DEBUG Engine               - class com.almasb.fxgl.profile.SaveLoadService
21:16:35.591 [FXGL Background Thread 2 ] DEBUG Engine               - class com.almasb.fxgl.ui.FXGLUIFactoryServiceProvider
21:16:35.591 [FXGL Background Thread 2 ] DEBUG Engine               - class com.almasb.fxgl.ui.FXGLDialogFactoryServiceProvider
21:16:35.591 [FXGL Background Thread 2 ] DEBUG Engine               - class com.almasb.fxgl.audio.AudioPlayer
21:16:35.591 [FXGL Background Thread 2 ] DEBUG Engine               - class com.almasb.fxgl.notification.impl.NotificationServiceProvider
21:16:35.591 [FXGL Background Thread 2 ] DEBUG Engine               - class com.almasb.fxgl.achievement.AchievementService
21:16:35.591 [FXGL Background Thread 2 ] DEBUG Engine               - class com.almasb.fxgl.cutscene.CutsceneService
21:16:35.591 [FXGL Background Thread 2 ] DEBUG Engine               - class com.almasb.fxgl.minigames.MiniGameService
21:16:35.591 [FXGL Background Thread 2 ] DEBUG Engine               - class com.almasb.fxgl.net.NetService
21:16:35.591 [FXGL Background Thread 2 ] DEBUG Engine               - class com.almasb.fxgl.app.services.UpdaterService
21:16:35.716 [JavaFX Application Thread] DEBUG AssetLoaderService   - Loading from cache: /assets/textures/bow.png
21:16:36.234 [JavaFX Application Thread] DEBUG AssetLoaderService   - Loading from cache: /assets/textures/bow.png
21:16:36.675 [JavaFX Application Thread] DEBUG AssetLoaderService   - Loading from cache: /assets/textures/bow.png
21:16:37.045 [JavaFX Application Thread] DEBUG AssetLoaderService   - Loading from cache: /assets/textures/bow.png
21:16:37.426 [JavaFX Application Thread] DEBUG AssetLoaderService   - Loading from cache: /assets/textures/bow.png
21:16:38.040 [JavaFX Application Thread] DEBUG AssetLoaderService   - Loading from cache: /assets/textures/bow.png
21:16:38.604 [JavaFX Application Thread] DEBUG AssetLoaderService   - Loading from cache: /assets/textures/bow.png
21:16:39.211 [JavaFX Application Thread] DEBUG AssetLoaderService   - Loading from cache: /assets/textures/bow.png
21:16:39.595 [JavaFX Application Thread] DEBUG AssetLoaderService   - Loading from cache: /assets/textures/bow.png
21:16:40.108 [JavaFX Application Thread] DEBUG AssetLoaderService   - Loading from cache: /assets/textures/bow.png
21:16:40.535 [JavaFX Application Thread] DEBUG AssetLoaderService   - Loading from cache: /assets/textures/bow.png
21:16:41.099 [JavaFX Application Thread] DEBUG AssetLoaderService   - Loading from cache: /assets/textures/bow.png
21:16:42.028 [JavaFX Application Thread] DEBUG AssetLoaderService   - Loading from cache: /assets/textures/bow.png
21:16:42.971 [JavaFX Application Thread] DEBUG AssetLoaderService   - Loading from cache: /assets/textures/bow.png
21:16:43.916 [JavaFX Application Thread] DEBUG AssetLoaderService   - Loading from cache: /assets/textures/bow.png
21:16:44.860 [JavaFX Application Thread] DEBUG AssetLoaderService   - Loading from cache: /assets/textures/bow.png
21:16:45.804 [JavaFX Application Thread] DEBUG AssetLoaderService   - Loading from cache: /assets/textures/bow.png
21:16:46.748 [JavaFX Application Thread] DEBUG AssetLoaderService   - Loading from cache: /assets/textures/bow.png
21:16:47.692 [JavaFX Application Thread] DEBUG AssetLoaderService   - Loading from cache: /assets/textures/bow.png
21:16:48.636 [JavaFX Application Thread] DEBUG AssetLoaderService   - Loading from cache: /assets/textures/bow.png
21:16:49.580 [JavaFX Application Thread] DEBUG AssetLoaderService   - Loading from cache: /assets/textures/bow.png
21:16:50.368 [JavaFX Application Thread] DEBUG GameApplication      - Exiting FXGL
21:16:50.368 [JavaFX Application Thread] DEBUG LoopRunner           - Stopping loop
21:16:50.368 [JavaFX Application Thread] DEBUG SystemBundleService  - Saving FXGL system data
21:16:50.369 [JavaFX Application Thread] DEBUG FileSystemAccess     - Writing to: C:\Users\edwin\Desktop\sepa\A-Link-Between-Fists\system\fxgl.bundle
21:16:50.370 [JavaFX Application Thread] DEBUG GameApplication      - Shutting down background threads
21:16:50.371 [JavaFX Application Thread] DEBUG GameApplication      - Closing logger and exiting JavaFX
