18:54:56.167 [main                     ] DEBUG GameApplication      - Logger initialized
18:54:56.167 [main                     ] DEBUG GameApplication      - Logging settings
Title: Untitled
Version: 0.0
Width: 800
Height: 600
Fullscreen: false
Intro: false
Menus: false
Profiling: false
Single step:false
App Mode: DEVELOPER
Menu Key: ESCAPE
Stage Style: DECORATED
Scene Factory: class com.almasb.fxgl.app.scene.SceneFactory

18:54:56.380 [JavaFX Application Thread] DEBUG GameApplication      - Initializing FXGL
18:54:56.391 [JavaFX Application Thread] INFO  Engine               - FXGL-11.8 (08.03.2020 09.25) on WINDOWS (J:13.0.2 FX:13.0.2)
18:54:56.391 [JavaFX Application Thread] INFO  Engine               - Source code and latest versions at: https://github.com/AlmasB/FXGL
18:54:56.391 [JavaFX Application Thread] INFO  Engine               -              Join the FXGL chat at: https://gitter.im/AlmasB/FXGL
18:54:56.479 [JavaFX Application Thread] DEBUG MainWindow           - Creating a JavaFX scene
18:54:56.514 [JavaFX Application Thread] DEBUG MainWindow           - Target settings size: 800.0 x 600.0
18:54:56.514 [JavaFX Application Thread] DEBUG MainWindow           - Scaled scene size:    800.0 x 600.0
18:54:56.514 [JavaFX Application Thread] DEBUG MainWindow           - Scaled ratio: (1.0, 1.0)
18:54:56.515 [JavaFX Application Thread] DEBUG MainWindow           - Set initial scene to FXGLStartupScene
18:54:56.520 [JavaFX Application Thread] DEBUG MainWindow           - Opening main window
18:54:56.589 [JavaFX Application Thread] DEBUG MainWindow           - Window border size: (16.0, 39.0)
18:54:56.589 [JavaFX Application Thread] DEBUG MainWindow           - Scaled size: 800.0 x 600.0
18:54:56.589 [JavaFX Application Thread] DEBUG MainWindow           - Scaled ratio: (1.0, 1.0)
18:54:56.590 [JavaFX Application Thread] DEBUG MainWindow           - Scene size: 800.0 x 600.0
18:54:56.590 [JavaFX Application Thread] DEBUG MainWindow           - Stage size: 816.0 x 639.0
18:54:56.595 [FXGL Background Thread 1 ] DEBUG Engine               - Initializing environment variables
18:54:56.617 [FXGL Background Thread 1 ] DEBUG WindowService        - Applying CSS: fxgl_dark.css
18:54:56.618 [FXGL Background Thread 1 ] DEBUG AssetLoaderService   - Loading from file system: /assets/ui/css/fxgl_dark.css
18:54:56.654 [FXGL Background Thread 1 ] DEBUG WindowService        - Initializing application scenes
18:54:56.682 [FXGL Background Thread 1 ] DEBUG GameWorld            - Game world initialized
18:54:56.716 [FXGL Background Thread 1 ] DEBUG PhysicsWorld         - Physics world initialized: appHeight=600, physics.ppm=50.0
18:54:56.718 [FXGL Background Thread 1 ] DEBUG GameScene            - Game scene initialized: 800x600
18:54:56.726 [FXGL Background Thread 1 ] DEBUG Input                - Registered new binding: Resume - Esc
18:54:56.730 [FXGL Background Thread 1 ] DEBUG AssetLoaderService   - Loading from file system: /assets/textures/pause_menu_bg.png
18:54:56.769 [FXGL Background Thread 1 ] DEBUG Input                - Registered new binding: Pause - Esc
18:54:56.769 [FXGL Background Thread 1 ] DEBUG WindowService        - Application scenes initialized
18:54:56.776 [FXGL Background Thread 1 ] DEBUG SystemBundleService  - Loading FXGL system data
18:54:56.780 [FXGL Background Thread 1 ] DEBUG FileSystemAccess     - Reading from: C:\Users\edwin\Desktop\sepa\A-Link-Between-Fists\system\fxgl.bundle
18:54:56.787 [FXGL Background Thread 1 ] DEBUG SystemBundleService  - Bundle FXGL: {}
18:54:56.787 [FXGL Background Thread 1 ] INFO  Engine               - FXGL initialization took: 0.190 sec
18:54:56.788 [FXGL Background Thread 1 ] DEBUG GameApplication      - Loading localizations
18:54:56.789 [FXGL Background Thread 1 ] DEBUG AssetLoaderService   - Loading from file system: /assets/properties/languages/english.properties
18:54:56.791 [FXGL Background Thread 1 ] DEBUG AssetLoaderService   - Loading from file system: /assets/properties/languages/french.properties
18:54:56.792 [FXGL Background Thread 1 ] DEBUG AssetLoaderService   - Loading from file system: /assets/properties/languages/german.properties
18:54:56.793 [FXGL Background Thread 1 ] DEBUG AssetLoaderService   - Loading from file system: /assets/properties/languages/hungarian.properties
18:54:56.795 [FXGL Background Thread 1 ] DEBUG AssetLoaderService   - Loading from file system: /assets/properties/languages/russian.properties
18:54:56.796 [FXGL Background Thread 1 ] DEBUG GameApplication      - Registering font factories with UI factory
18:54:56.796 [FXGL Background Thread 1 ] DEBUG AssetLoaderService   - Loading from file system: /assets/ui/fonts/VarelaRound-Regular.ttf
18:54:56.924 [FXGL Background Thread 1 ] DEBUG AssetLoaderService   - Loading from file system: /assets/ui/fonts/Abel-Regular.ttf
18:54:56.935 [FXGL Background Thread 1 ] DEBUG AssetLoaderService   - Loading from file system: /assets/ui/fonts/lucida_console.ttf
18:54:56.944 [FXGL Background Thread 1 ] DEBUG AssetLoaderService   - Loading from file system: /assets/ui/fonts/Courier-Prime.ttf
18:54:56.952 [JavaFX Application Thread] DEBUG Input                - Registered new binding: Right - D
18:54:56.952 [JavaFX Application Thread] DEBUG Input                - Registered new binding: Up - W
18:54:56.952 [JavaFX Application Thread] DEBUG Input                - Registered new binding: Left - A
18:54:56.952 [JavaFX Application Thread] DEBUG Input                - Registered new binding: Down - S
18:54:56.952 [JavaFX Application Thread] DEBUG AssetLoaderService   - Loading from file system: /assets/textures/fxgl_icon.png
18:54:56.969 [JavaFX Application Thread] DEBUG AssetLoaderService   - Loading from file system: /assets/ui/cursors/fxgl_default.png
18:54:56.971 [JavaFX Application Thread] DEBUG Input                - Registered new binding: Screenshot - P
18:54:56.971 [JavaFX Application Thread] DEBUG Input                - Registered new binding: System info dump - CTRL+9
18:54:56.972 [JavaFX Application Thread] DEBUG Input                - Registered new binding: Restart - CTRL+R
18:54:56.973 [JavaFX Application Thread] DEBUG LoopRunner           - Starting loop
18:54:56.980 [JavaFX Application Thread] DEBUG FXGLStartupScene     - STARTUP
18:54:56.980 [JavaFX Application Thread] DEBUG WindowService        - Starting new game
18:54:56.982 [JavaFX Application Thread] DEBUG Input                - Clearing active input actions
18:54:56.989 [JavaFX Application Thread] DEBUG WindowService        - Removing overlay from FXGLStartupScene and adding to FXGLLoadingScene
18:54:56.989 [JavaFX Application Thread] DEBUG MainWindow           - FXGLStartupScene -> FXGLLoadingScene
18:54:56.989 [JavaFX Application Thread] DEBUG WindowService        - Clearing previous game
18:54:56.990 [JavaFX Application Thread] DEBUG GameScene            - Clearing game scene
18:54:56.990 [JavaFX Application Thread] DEBUG GameWorld            - Clearing game world
18:54:56.990 [JavaFX Application Thread] DEBUG PhysicsWorld         - Clearing physics world
18:54:56.991 [FXGL Background Thread 1 ] DEBUG GameApplication      - Initializing game
18:54:57.003 [FXGL Background Thread 1 ] DEBUG AssetLoaderService   - Loading from file system: /assets/textures/tempSprite.png
18:54:57.016 [FXGL Background Thread 1 ] DEBUG AssetLoaderService   - Loading from cache: /assets/textures/tempSprite.png
18:54:57.017 [FXGL Background Thread 1 ] DEBUG AssetLoaderService   - Loading from cache: /assets/textures/tempSprite.png
18:54:57.017 [FXGL Background Thread 1 ] DEBUG AssetLoaderService   - Loading from cache: /assets/textures/tempSprite.png
18:54:57.027 [FXGL Background Thread 1 ] DEBUG AssetLoaderService   - Loading from file system: /assets/textures/bow.png
18:54:57.027 [FXGL Background Thread 1 ] WARN  AssetLoaderService   - Failed to load texture bow.png Error: java.lang.IllegalArgumentException: Asset "/assets/textures/bow.png" was not found!
18:54:57.078 [FXGL Background Thread 1 ] INFO  GameApplication      - Game initialization took: 0.087 sec
18:54:57.079 [JavaFX Application Thread] DEBUG Input                - Clearing active input actions
18:54:57.088 [JavaFX Application Thread] DEBUG WindowService        - Removing overlay from FXGLLoadingScene and adding to GameScene
18:54:57.088 [JavaFX Application Thread] DEBUG MainWindow           - FXGLLoadingScene -> GameScene
18:54:59.790 [FXGL Background Thread 2 ] DEBUG Engine               - Logging environment variables
18:54:59.790 [FXGL Background Thread 2 ] DEBUG Engine               - achievements: []
18:54:59.790 [FXGL Background Thread 2 ] DEBUG Engine               - language: ObjectProperty [value: ENGLISH]
18:54:59.790 [FXGL Background Thread 2 ] DEBUG Engine               - isCloseConfirmation: false
18:54:59.790 [FXGL Background Thread 2 ] DEBUG Engine               - isProfilingEnabled: false
18:54:59.790 [FXGL Background Thread 2 ] DEBUG Engine               - soundNotification: core/notification.wav
18:54:59.790 [FXGL Background Thread 2 ] DEBUG Engine               - devShowBBoxProperty: BooleanProperty [value: false]
18:54:59.790 [FXGL Background Thread 2 ] DEBUG Engine               - pixelsPerMeter: 50.0
18:54:59.790 [FXGL Background Thread 2 ] DEBUG Engine               - soundMenuBack: menu/back.wav
18:54:59.790 [FXGL Background Thread 2 ] DEBUG Engine               - appIcon: fxgl_icon.png
18:54:59.790 [FXGL Background Thread 2 ] DEBUG Engine               - isFullScreenAllowed: false
18:54:59.790 [FXGL Background Thread 2 ] DEBUG Engine               - isIntroEnabled: false
18:54:59.790 [FXGL Background Thread 2 ] DEBUG Engine               - fontMono: lucida_console.ttf
18:54:59.790 [FXGL Background Thread 2 ] DEBUG Engine               - soundMenuSelect: menu/select.wav
18:54:59.790 [FXGL Background Thread 2 ] DEBUG Engine               - isWindows: true
18:54:59.791 [FXGL Background Thread 2 ] DEBUG Engine               - isMobile: false
18:54:59.791 [FXGL Background Thread 2 ] DEBUG Engine               - isUserProfileEnabled: false
18:54:59.791 [FXGL Background Thread 2 ] DEBUG Engine               - height: 600
18:54:59.791 [FXGL Background Thread 2 ] DEBUG Engine               - isExperimentalNative: false
18:54:59.791 [FXGL Background Thread 2 ] DEBUG Engine               - settings: Title: Untitled
Version: 0.0
Width: 800
Height: 600
Fullscreen: false
Intro: false
Menus: false
Profiling: false
Single step:false
App Mode: DEVELOPER
Menu Key: ESCAPE
Stage Style: DECORATED
Scene Factory: class com.almasb.fxgl.app.scene.SceneFactory

18:54:59.791 [FXGL Background Thread 2 ] DEBUG Engine               - isSingleStep: false
18:54:59.791 [FXGL Background Thread 2 ] DEBUG Engine               - cSSList: [fxgl_dark.css]
18:54:59.791 [FXGL Background Thread 2 ] DEBUG Engine               - fontGame: Abel-Regular.ttf
18:54:59.791 [FXGL Background Thread 2 ] DEBUG Engine               - menuKey: ESCAPE
18:54:59.791 [FXGL Background Thread 2 ] DEBUG Engine               - devShowPositionProperty: BooleanProperty [value: false]
18:54:59.791 [FXGL Background Thread 2 ] DEBUG Engine               - versionCheckDays: 7
18:54:59.791 [FXGL Background Thread 2 ] DEBUG Engine               - configClass: Optional.empty
18:54:59.791 [FXGL Background Thread 2 ] DEBUG Engine               - isFullScreenFromStart: false
18:54:59.791 [FXGL Background Thread 2 ] DEBUG Engine               - version: 0.0
18:54:59.791 [FXGL Background Thread 2 ] DEBUG Engine               - fullScreen: BooleanProperty [value: false]
18:54:59.791 [FXGL Background Thread 2 ] DEBUG Engine               - randomSeed: -1
18:54:59.791 [FXGL Background Thread 2 ] DEBUG Engine               - gameDifficultyProperty: ObjectProperty [value: MEDIUM]
18:54:59.792 [FXGL Background Thread 2 ] DEBUG Engine               - applicationMode: DEVELOPER
18:54:59.792 [FXGL Background Thread 2 ] DEBUG Engine               - isMac: false
18:54:59.792 [FXGL Background Thread 2 ] DEBUG Engine               - isMenuEnabled: false
18:54:59.792 [FXGL Background Thread 2 ] DEBUG Engine               - urlPOM: https://raw.githubusercontent.com/AlmasB/FXGL/master/pom.xml
18:54:59.792 [FXGL Background Thread 2 ] DEBUG Engine               - profileName: StringProperty [value: DEFAULT]
18:54:59.792 [FXGL Background Thread 2 ] DEBUG Engine               - notificationViewClass: class com.almasb.fxgl.notification.view.XboxNotificationView
18:54:59.792 [FXGL Background Thread 2 ] DEBUG Engine               - devSensorColorProperty: ObjectProperty [value: 0xffff00ff]
18:54:59.792 [FXGL Background Thread 2 ] DEBUG Engine               - sceneFactory: com.almasb.fxgl.app.scene.SceneFactory@342514e4
18:54:59.792 [FXGL Background Thread 2 ] DEBUG Engine               - stageStyle: DECORATED
18:54:59.792 [FXGL Background Thread 2 ] DEBUG Engine               - isManualResizeEnabled: false
18:54:59.792 [FXGL Background Thread 2 ] DEBUG Engine               - title: Untitled
18:54:59.792 [FXGL Background Thread 2 ] DEBUG Engine               - platform: WINDOWS
18:54:59.792 [FXGL Background Thread 2 ] DEBUG Engine               - devBBoxColorProperty: ObjectProperty [value: 0xff0000ff]
18:54:59.792 [FXGL Background Thread 2 ] DEBUG Engine               - gameDifficulty: MEDIUM
18:54:59.792 [FXGL Background Thread 2 ] DEBUG Engine               - isDesktop: true
18:54:59.792 [FXGL Background Thread 2 ] DEBUG Engine               - supportedLanguages: [ENGLISH, FRENCH, GERMAN, HUNGARIAN, RUSSIAN]
18:54:59.792 [FXGL Background Thread 2 ] DEBUG Engine               - credits: []
18:54:59.793 [FXGL Background Thread 2 ] DEBUG Engine               - globalMusicVolumeProperty: DoubleProperty [value: 0.5]
18:54:59.793 [FXGL Background Thread 2 ] DEBUG Engine               - isPreserveResizeRatio: false
18:54:59.793 [FXGL Background Thread 2 ] DEBUG Engine               - fontText: Courier-Prime.ttf
18:54:59.793 [FXGL Background Thread 2 ] DEBUG Engine               - isExperimentalTiledLargeMap: false
18:54:59.793 [FXGL Background Thread 2 ] DEBUG Engine               - secondsIn24h: 60
18:54:59.793 [FXGL Background Thread 2 ] DEBUG Engine               - runtimeInfo: RuntimeInfo(platform=WINDOWS, version=11.8, build=08.03.2020 09.25)
18:54:59.793 [FXGL Background Thread 2 ] DEBUG Engine               - isLinux: false
18:54:59.793 [FXGL Background Thread 2 ] DEBUG Engine               - soundMenuPress: menu/press.wav
18:54:59.793 [FXGL Background Thread 2 ] DEBUG Engine               - urlGithub: https://github.com/AlmasB/FXGL
18:54:59.793 [FXGL Background Thread 2 ] DEBUG Engine               - profileDir: profiles/
18:54:59.793 [FXGL Background Thread 2 ] DEBUG Engine               - isDeveloperMenuEnabled: false
18:54:59.793 [FXGL Background Thread 2 ] DEBUG Engine               - globalSoundVolumeProperty: DoubleProperty [value: 0.5]
18:54:59.793 [FXGL Background Thread 2 ] DEBUG Engine               - mainWindow: com.almasb.fxgl.app.MainWindow@301a86b8
18:54:59.793 [FXGL Background Thread 2 ] DEBUG Engine               - isBrowser: false
18:54:59.793 [FXGL Background Thread 2 ] DEBUG Engine               - urlLeaderboard: http://fxgl-top.herokuapp.com/
18:54:59.793 [FXGL Background Thread 2 ] DEBUG Engine               - globalSoundVolume: 0.5
18:54:59.794 [FXGL Background Thread 2 ] DEBUG Engine               - engineServices: [class com.almasb.fxgl.app.GameApplication$GameApplicationService, class com.almasb.fxgl.app.services.WindowService, class com.almasb.fxgl.app.services.FXGLDialogService, class com.almasb.fxgl.app.services.IOTaskExecutorService, class com.almasb.fxgl.event.EventBusService, class com.almasb.fxgl.io.FileSystemService, class com.almasb.fxgl.localization.LocalizationService, class com.almasb.fxgl.app.services.AssetLoaderService, class com.almasb.fxgl.app.services.SystemBundleService, class com.almasb.fxgl.profile.SaveLoadService, class com.almasb.fxgl.ui.FXGLUIFactoryServiceProvider, class com.almasb.fxgl.ui.FXGLDialogFactoryServiceProvider, class com.almasb.fxgl.audio.AudioPlayer, class com.almasb.fxgl.notification.impl.NotificationServiceProvider, class com.almasb.fxgl.achievement.AchievementService, class com.almasb.fxgl.cutscene.CutsceneService, class com.almasb.fxgl.minigames.MiniGameService, class com.almasb.fxgl.net.NetService, class com.almasb.fxgl.app.services.UpdaterService]
18:54:59.794 [FXGL Background Thread 2 ] DEBUG Engine               - globalMusicVolume: 0.5
18:54:59.794 [FXGL Background Thread 2 ] DEBUG Engine               - width: 800
18:54:59.794 [FXGL Background Thread 2 ] DEBUG Engine               - saveFileExt: sav
18:54:59.794 [FXGL Background Thread 2 ] DEBUG Engine               - isAndroid: false
18:54:59.794 [FXGL Background Thread 2 ] DEBUG Engine               - fontUI: VarelaRound-Regular.ttf
18:54:59.794 [FXGL Background Thread 2 ] DEBUG Engine               - enabledMenuItems: []
18:54:59.794 [FXGL Background Thread 2 ] DEBUG Engine               - isIOS: false
18:54:59.794 [FXGL Background Thread 2 ] DEBUG Engine               - Logging services
18:54:59.794 [FXGL Background Thread 2 ] DEBUG Engine               - class com.almasb.fxgl.app.GameApplication$GameApplicationService
18:54:59.794 [FXGL Background Thread 2 ] DEBUG Engine               - class com.almasb.fxgl.app.services.WindowService
18:54:59.794 [FXGL Background Thread 2 ] DEBUG Engine               - class com.almasb.fxgl.app.services.FXGLDialogService
18:54:59.794 [FXGL Background Thread 2 ] DEBUG Engine               - class com.almasb.fxgl.app.services.IOTaskExecutorService
18:54:59.794 [FXGL Background Thread 2 ] DEBUG Engine               - class com.almasb.fxgl.event.EventBusService
18:54:59.794 [FXGL Background Thread 2 ] DEBUG Engine               - class com.almasb.fxgl.io.FileSystemService
18:54:59.794 [FXGL Background Thread 2 ] DEBUG Engine               - class com.almasb.fxgl.localization.LocalizationService
18:54:59.794 [FXGL Background Thread 2 ] DEBUG Engine               - class com.almasb.fxgl.app.services.AssetLoaderService
18:54:59.794 [FXGL Background Thread 2 ] DEBUG Engine               - class com.almasb.fxgl.app.services.SystemBundleService
18:54:59.794 [FXGL Background Thread 2 ] DEBUG Engine               - class com.almasb.fxgl.profile.SaveLoadService
18:54:59.794 [FXGL Background Thread 2 ] DEBUG Engine               - class com.almasb.fxgl.ui.FXGLUIFactoryServiceProvider
18:54:59.794 [FXGL Background Thread 2 ] DEBUG Engine               - class com.almasb.fxgl.ui.FXGLDialogFactoryServiceProvider
18:54:59.795 [FXGL Background Thread 2 ] DEBUG Engine               - class com.almasb.fxgl.audio.AudioPlayer
18:54:59.795 [FXGL Background Thread 2 ] DEBUG Engine               - class com.almasb.fxgl.notification.impl.NotificationServiceProvider
18:54:59.795 [FXGL Background Thread 2 ] DEBUG Engine               - class com.almasb.fxgl.achievement.AchievementService
18:54:59.795 [FXGL Background Thread 2 ] DEBUG Engine               - class com.almasb.fxgl.cutscene.CutsceneService
18:54:59.795 [FXGL Background Thread 2 ] DEBUG Engine               - class com.almasb.fxgl.minigames.MiniGameService
18:54:59.795 [FXGL Background Thread 2 ] DEBUG Engine               - class com.almasb.fxgl.net.NetService
18:54:59.795 [FXGL Background Thread 2 ] DEBUG Engine               - class com.almasb.fxgl.app.services.UpdaterService
18:55:07.542 [JavaFX Application Thread] DEBUG GameApplication      - Exiting FXGL
18:55:07.542 [JavaFX Application Thread] DEBUG LoopRunner           - Stopping loop
18:55:07.542 [JavaFX Application Thread] DEBUG SystemBundleService  - Saving FXGL system data
18:55:07.543 [JavaFX Application Thread] DEBUG FileSystemAccess     - Writing to: C:\Users\edwin\Desktop\sepa\A-Link-Between-Fists\system\fxgl.bundle
18:55:07.545 [JavaFX Application Thread] DEBUG GameApplication      - Shutting down background threads
18:55:07.545 [JavaFX Application Thread] DEBUG GameApplication      - Closing logger and exiting JavaFX
