19:56:12.003 [main                     ] DEBUG GameApplication      - Logger initialized
19:56:12.007 [main                     ] DEBUG GameApplication      - Logging settings
Title: Link Between Fists
Version: 1.0
Width: 1280
Height: 720
Fullscreen: false
Intro: false
Menus: false
Profiling: false
Single step:false
App Mode: DEVELOPER
Menu Key: ESCAPE
Stage Style: DECORATED
Scene Factory: class com.almasb.fxgl.app.scene.SceneFactory

19:56:12.204 [JavaFX Application Thread] DEBUG GameApplication      - Initializing FXGL
19:56:12.214 [JavaFX Application Thread] INFO  Engine               - FXGL-11.8 (08.03.2020 09.25) on WINDOWS (J:13.0.2 FX:13.0.2)
19:56:12.215 [JavaFX Application Thread] INFO  Engine               - Source code and latest versions at: https://github.com/AlmasB/FXGL
19:56:12.215 [JavaFX Application Thread] INFO  Engine               -              Join the FXGL chat at: https://gitter.im/AlmasB/FXGL
19:56:12.304 [JavaFX Application Thread] DEBUG MainWindow           - Creating a JavaFX scene
19:56:12.339 [JavaFX Application Thread] DEBUG MainWindow           - Target settings size: 1280.0 x 720.0
19:56:12.339 [JavaFX Application Thread] DEBUG MainWindow           - Scaled scene size:    1280.0 x 720.0
19:56:12.339 [JavaFX Application Thread] DEBUG MainWindow           - Scaled ratio: (1.0, 1.0)
19:56:12.340 [JavaFX Application Thread] DEBUG MainWindow           - Set initial scene to FXGLStartupScene
19:56:12.345 [JavaFX Application Thread] DEBUG MainWindow           - Opening main window
19:56:12.434 [JavaFX Application Thread] DEBUG MainWindow           - Window border size: (16.0, 39.0)
19:56:12.435 [JavaFX Application Thread] DEBUG MainWindow           - Scaled size: 1280.0 x 720.0
19:56:12.435 [JavaFX Application Thread] DEBUG MainWindow           - Scaled ratio: (1.0, 1.0)
19:56:12.435 [JavaFX Application Thread] DEBUG MainWindow           - Scene size: 1280.0 x 720.0
19:56:12.435 [JavaFX Application Thread] DEBUG MainWindow           - Stage size: 1296.0 x 759.0
19:56:12.441 [FXGL Background Thread 1 ] DEBUG Engine               - Initializing environment variables
19:56:12.464 [FXGL Background Thread 1 ] DEBUG WindowService        - Applying CSS: fxgl_dark.css
19:56:12.465 [FXGL Background Thread 1 ] DEBUG AssetLoaderService   - Loading from file system: /assets/ui/css/fxgl_dark.css
19:56:12.498 [FXGL Background Thread 1 ] DEBUG WindowService        - Initializing application scenes
19:56:12.525 [FXGL Background Thread 1 ] DEBUG GameWorld            - Game world initialized
19:56:12.557 [FXGL Background Thread 1 ] DEBUG PhysicsWorld         - Physics world initialized: appHeight=720, physics.ppm=50.0
19:56:12.559 [FXGL Background Thread 1 ] DEBUG GameScene            - Game scene initialized: 1280x720
19:56:12.567 [FXGL Background Thread 1 ] DEBUG Input                - Registered new binding: Resume - Esc
19:56:12.572 [FXGL Background Thread 1 ] DEBUG AssetLoaderService   - Loading from file system: /assets/textures/pause_menu_bg.png
19:56:12.611 [FXGL Background Thread 1 ] DEBUG Input                - Registered new binding: Pause - Esc
19:56:12.611 [FXGL Background Thread 1 ] DEBUG WindowService        - Application scenes initialized
19:56:12.620 [FXGL Background Thread 1 ] DEBUG SystemBundleService  - Loading FXGL system data
19:56:12.623 [FXGL Background Thread 1 ] DEBUG FileSystemAccess     - Reading from: C:\Users\edwin\Desktop\sepa\A-Link-Between-Fists\system\fxgl.bundle
19:56:12.630 [FXGL Background Thread 1 ] DEBUG SystemBundleService  - Bundle FXGL: {}
19:56:12.630 [FXGL Background Thread 1 ] INFO  Engine               - FXGL initialization took: 0.187 sec
19:56:12.632 [FXGL Background Thread 1 ] DEBUG GameApplication      - Loading localizations
19:56:12.632 [FXGL Background Thread 1 ] DEBUG AssetLoaderService   - Loading from file system: /assets/properties/languages/english.properties
19:56:12.634 [FXGL Background Thread 1 ] DEBUG AssetLoaderService   - Loading from file system: /assets/properties/languages/french.properties
19:56:12.635 [FXGL Background Thread 1 ] DEBUG AssetLoaderService   - Loading from file system: /assets/properties/languages/german.properties
19:56:12.636 [FXGL Background Thread 1 ] DEBUG AssetLoaderService   - Loading from file system: /assets/properties/languages/hungarian.properties
19:56:12.638 [FXGL Background Thread 1 ] DEBUG AssetLoaderService   - Loading from file system: /assets/properties/languages/russian.properties
19:56:12.639 [FXGL Background Thread 1 ] DEBUG GameApplication      - Registering font factories with UI factory
19:56:12.639 [FXGL Background Thread 1 ] DEBUG AssetLoaderService   - Loading from file system: /assets/ui/fonts/VarelaRound-Regular.ttf
19:56:12.768 [FXGL Background Thread 1 ] DEBUG AssetLoaderService   - Loading from file system: /assets/ui/fonts/Abel-Regular.ttf
19:56:12.776 [FXGL Background Thread 1 ] DEBUG AssetLoaderService   - Loading from file system: /assets/ui/fonts/lucida_console.ttf
19:56:12.784 [FXGL Background Thread 1 ] DEBUG AssetLoaderService   - Loading from file system: /assets/ui/fonts/Courier-Prime.ttf
19:56:12.792 [JavaFX Application Thread] DEBUG Input                - Registered new binding: Right - D
19:56:12.792 [JavaFX Application Thread] DEBUG Input                - Registered new binding: Up - W
19:56:12.792 [JavaFX Application Thread] DEBUG Input                - Registered new binding: Left - A
19:56:12.792 [JavaFX Application Thread] DEBUG Input                - Registered new binding: Down - S
19:56:12.792 [JavaFX Application Thread] DEBUG AssetLoaderService   - Loading from file system: /assets/textures/fxgl_icon.png
19:56:12.807 [JavaFX Application Thread] DEBUG AssetLoaderService   - Loading from file system: /assets/ui/cursors/fxgl_default.png
19:56:12.808 [JavaFX Application Thread] DEBUG Input                - Registered new binding: Screenshot - P
19:56:12.808 [JavaFX Application Thread] DEBUG Input                - Registered new binding: System info dump - CTRL+9
19:56:12.809 [JavaFX Application Thread] DEBUG Input                - Registered new binding: Restart - CTRL+R
19:56:12.809 [JavaFX Application Thread] DEBUG LoopRunner           - Starting loop
19:56:12.819 [JavaFX Application Thread] DEBUG FXGLStartupScene     - STARTUP
19:56:12.819 [JavaFX Application Thread] DEBUG WindowService        - Starting new game
19:56:12.821 [JavaFX Application Thread] DEBUG Input                - Clearing active input actions
19:56:12.829 [JavaFX Application Thread] DEBUG WindowService        - Removing overlay from FXGLStartupScene and adding to FXGLLoadingScene
19:56:12.830 [JavaFX Application Thread] DEBUG MainWindow           - FXGLStartupScene -> FXGLLoadingScene
19:56:12.830 [JavaFX Application Thread] DEBUG WindowService        - Clearing previous game
19:56:12.830 [JavaFX Application Thread] DEBUG GameScene            - Clearing game scene
19:56:12.830 [JavaFX Application Thread] DEBUG GameWorld            - Clearing game world
19:56:12.830 [JavaFX Application Thread] DEBUG PhysicsWorld         - Clearing physics world
19:56:12.831 [FXGL Background Thread 1 ] DEBUG GameApplication      - Initializing game
19:56:12.835 [FXGL Background Thread 1 ] DEBUG AssetLoaderService   - Loading from file system: /assets/textures/tempSprite.png
19:56:12.843 [FXGL Background Thread 1 ] DEBUG AssetLoaderService   - Loading from cache: /assets/textures/tempSprite.png
19:56:12.843 [FXGL Background Thread 1 ] DEBUG AssetLoaderService   - Loading from cache: /assets/textures/tempSprite.png
19:56:12.843 [FXGL Background Thread 1 ] DEBUG AssetLoaderService   - Loading from cache: /assets/textures/tempSprite.png
19:56:12.850 [FXGL Background Thread 1 ] INFO  GameApplication      - Game initialization took: 0.019 sec
19:56:12.859 [JavaFX Application Thread] DEBUG Input                - Clearing active input actions
19:56:12.864 [JavaFX Application Thread] DEBUG WindowService        - Removing overlay from FXGLLoadingScene and adding to GameScene
19:56:12.865 [JavaFX Application Thread] DEBUG MainWindow           - FXGLLoadingScene -> GameScene
19:56:13.808 [JavaFX Application Thread] DEBUG AssetLoaderService   - Loading from file system: /assets/textures/bow.png
19:56:14.768 [JavaFX Application Thread] DEBUG AssetLoaderService   - Loading from cache: /assets/textures/bow.png
19:56:15.632 [FXGL Background Thread 2 ] DEBUG Engine               - Logging environment variables
19:56:15.632 [FXGL Background Thread 2 ] DEBUG Engine               - achievements: []
19:56:15.632 [FXGL Background Thread 2 ] DEBUG Engine               - language: ObjectProperty [value: ENGLISH]
19:56:15.632 [FXGL Background Thread 2 ] DEBUG Engine               - isCloseConfirmation: false
19:56:15.632 [FXGL Background Thread 2 ] DEBUG Engine               - isProfilingEnabled: false
19:56:15.632 [FXGL Background Thread 2 ] DEBUG Engine               - soundNotification: core/notification.wav
19:56:15.632 [FXGL Background Thread 2 ] DEBUG Engine               - devShowBBoxProperty: BooleanProperty [value: false]
19:56:15.632 [FXGL Background Thread 2 ] DEBUG Engine               - pixelsPerMeter: 50.0
19:56:15.632 [FXGL Background Thread 2 ] DEBUG Engine               - soundMenuBack: menu/back.wav
19:56:15.632 [FXGL Background Thread 2 ] DEBUG Engine               - appIcon: fxgl_icon.png
19:56:15.632 [FXGL Background Thread 2 ] DEBUG Engine               - isFullScreenAllowed: false
19:56:15.632 [FXGL Background Thread 2 ] DEBUG Engine               - isIntroEnabled: false
19:56:15.632 [FXGL Background Thread 2 ] DEBUG Engine               - fontMono: lucida_console.ttf
19:56:15.633 [FXGL Background Thread 2 ] DEBUG Engine               - soundMenuSelect: menu/select.wav
19:56:15.633 [FXGL Background Thread 2 ] DEBUG Engine               - isWindows: true
19:56:15.633 [FXGL Background Thread 2 ] DEBUG Engine               - isMobile: false
19:56:15.633 [FXGL Background Thread 2 ] DEBUG Engine               - isUserProfileEnabled: false
19:56:15.633 [FXGL Background Thread 2 ] DEBUG Engine               - height: 720
19:56:15.633 [FXGL Background Thread 2 ] DEBUG Engine               - isExperimentalNative: false
19:56:15.633 [FXGL Background Thread 2 ] DEBUG Engine               - settings: Title: Link Between Fists
Version: 1.0
Width: 1280
Height: 720
Fullscreen: false
Intro: false
Menus: false
Profiling: false
Single step:false
App Mode: DEVELOPER
Menu Key: ESCAPE
Stage Style: DECORATED
Scene Factory: class com.almasb.fxgl.app.scene.SceneFactory

19:56:15.633 [FXGL Background Thread 2 ] DEBUG Engine               - cSSList: [fxgl_dark.css]
19:56:15.633 [FXGL Background Thread 2 ] DEBUG Engine               - isSingleStep: false
19:56:15.633 [FXGL Background Thread 2 ] DEBUG Engine               - fontGame: Abel-Regular.ttf
19:56:15.633 [FXGL Background Thread 2 ] DEBUG Engine               - menuKey: ESCAPE
19:56:15.633 [FXGL Background Thread 2 ] DEBUG Engine               - devShowPositionProperty: BooleanProperty [value: false]
19:56:15.633 [FXGL Background Thread 2 ] DEBUG Engine               - versionCheckDays: 7
19:56:15.634 [FXGL Background Thread 2 ] DEBUG Engine               - configClass: Optional.empty
19:56:15.634 [FXGL Background Thread 2 ] DEBUG Engine               - isFullScreenFromStart: false
19:56:15.634 [FXGL Background Thread 2 ] DEBUG Engine               - version: 1.0
19:56:15.634 [FXGL Background Thread 2 ] DEBUG Engine               - fullScreen: BooleanProperty [value: false]
19:56:15.634 [FXGL Background Thread 2 ] DEBUG Engine               - randomSeed: -1
19:56:15.634 [FXGL Background Thread 2 ] DEBUG Engine               - gameDifficultyProperty: ObjectProperty [value: MEDIUM]
19:56:15.634 [FXGL Background Thread 2 ] DEBUG Engine               - applicationMode: DEVELOPER
19:56:15.634 [FXGL Background Thread 2 ] DEBUG Engine               - isMac: false
19:56:15.634 [FXGL Background Thread 2 ] DEBUG Engine               - isMenuEnabled: false
19:56:15.634 [FXGL Background Thread 2 ] DEBUG Engine               - urlPOM: https://raw.githubusercontent.com/AlmasB/FXGL/master/pom.xml
19:56:15.634 [FXGL Background Thread 2 ] DEBUG Engine               - profileName: StringProperty [value: DEFAULT]
19:56:15.634 [FXGL Background Thread 2 ] DEBUG Engine               - notificationViewClass: class com.almasb.fxgl.notification.view.XboxNotificationView
19:56:15.635 [FXGL Background Thread 2 ] DEBUG Engine               - devSensorColorProperty: ObjectProperty [value: 0xffff00ff]
19:56:15.635 [FXGL Background Thread 2 ] DEBUG Engine               - sceneFactory: com.almasb.fxgl.app.scene.SceneFactory@1c552899
19:56:15.635 [FXGL Background Thread 2 ] DEBUG Engine               - stageStyle: DECORATED
19:56:15.635 [FXGL Background Thread 2 ] DEBUG Engine               - isManualResizeEnabled: false
19:56:15.635 [FXGL Background Thread 2 ] DEBUG Engine               - title: Link Between Fists
19:56:15.635 [FXGL Background Thread 2 ] DEBUG Engine               - platform: WINDOWS
19:56:15.635 [FXGL Background Thread 2 ] DEBUG Engine               - devBBoxColorProperty: ObjectProperty [value: 0xff0000ff]
19:56:15.635 [FXGL Background Thread 2 ] DEBUG Engine               - gameDifficulty: MEDIUM
19:56:15.635 [FXGL Background Thread 2 ] DEBUG Engine               - isDesktop: true
19:56:15.635 [FXGL Background Thread 2 ] DEBUG Engine               - supportedLanguages: [ENGLISH, FRENCH, GERMAN, HUNGARIAN, RUSSIAN]
19:56:15.635 [FXGL Background Thread 2 ] DEBUG Engine               - credits: []
19:56:15.635 [FXGL Background Thread 2 ] DEBUG Engine               - globalMusicVolumeProperty: DoubleProperty [value: 0.5]
19:56:15.635 [FXGL Background Thread 2 ] DEBUG Engine               - isPreserveResizeRatio: false
19:56:15.636 [FXGL Background Thread 2 ] DEBUG Engine               - fontText: Courier-Prime.ttf
19:56:15.636 [FXGL Background Thread 2 ] DEBUG Engine               - isExperimentalTiledLargeMap: false
19:56:15.636 [FXGL Background Thread 2 ] DEBUG Engine               - secondsIn24h: 60
19:56:15.636 [FXGL Background Thread 2 ] DEBUG Engine               - runtimeInfo: RuntimeInfo(platform=WINDOWS, version=11.8, build=08.03.2020 09.25)
19:56:15.636 [FXGL Background Thread 2 ] DEBUG Engine               - isLinux: false
19:56:15.636 [FXGL Background Thread 2 ] DEBUG Engine               - soundMenuPress: menu/press.wav
19:56:15.636 [FXGL Background Thread 2 ] DEBUG Engine               - urlGithub: https://github.com/AlmasB/FXGL
19:56:15.636 [FXGL Background Thread 2 ] DEBUG Engine               - profileDir: profiles/
19:56:15.636 [FXGL Background Thread 2 ] DEBUG Engine               - isDeveloperMenuEnabled: false
19:56:15.636 [FXGL Background Thread 2 ] DEBUG Engine               - globalSoundVolumeProperty: DoubleProperty [value: 0.5]
19:56:15.636 [FXGL Background Thread 2 ] DEBUG Engine               - mainWindow: com.almasb.fxgl.app.MainWindow@186aafcb
19:56:15.636 [FXGL Background Thread 2 ] DEBUG Engine               - isBrowser: false
19:56:15.636 [FXGL Background Thread 2 ] DEBUG Engine               - globalSoundVolume: 0.5
19:56:15.636 [FXGL Background Thread 2 ] DEBUG Engine               - urlLeaderboard: http://fxgl-top.herokuapp.com/
19:56:15.637 [FXGL Background Thread 2 ] DEBUG Engine               - engineServices: [class com.almasb.fxgl.app.GameApplication$GameApplicationService, class com.almasb.fxgl.app.services.WindowService, class com.almasb.fxgl.app.services.FXGLDialogService, class com.almasb.fxgl.app.services.IOTaskExecutorService, class com.almasb.fxgl.event.EventBusService, class com.almasb.fxgl.io.FileSystemService, class com.almasb.fxgl.localization.LocalizationService, class com.almasb.fxgl.app.services.AssetLoaderService, class com.almasb.fxgl.app.services.SystemBundleService, class com.almasb.fxgl.profile.SaveLoadService, class com.almasb.fxgl.ui.FXGLUIFactoryServiceProvider, class com.almasb.fxgl.ui.FXGLDialogFactoryServiceProvider, class com.almasb.fxgl.audio.AudioPlayer, class com.almasb.fxgl.notification.impl.NotificationServiceProvider, class com.almasb.fxgl.achievement.AchievementService, class com.almasb.fxgl.cutscene.CutsceneService, class com.almasb.fxgl.minigames.MiniGameService, class com.almasb.fxgl.net.NetService, class com.almasb.fxgl.app.services.UpdaterService]
19:56:15.637 [FXGL Background Thread 2 ] DEBUG Engine               - globalMusicVolume: 0.5
19:56:15.637 [FXGL Background Thread 2 ] DEBUG Engine               - width: 1280
19:56:15.637 [FXGL Background Thread 2 ] DEBUG Engine               - saveFileExt: sav
19:56:15.637 [FXGL Background Thread 2 ] DEBUG Engine               - isAndroid: false
19:56:15.637 [FXGL Background Thread 2 ] DEBUG Engine               - fontUI: VarelaRound-Regular.ttf
19:56:15.637 [FXGL Background Thread 2 ] DEBUG Engine               - enabledMenuItems: []
19:56:15.637 [FXGL Background Thread 2 ] DEBUG Engine               - isIOS: false
19:56:15.637 [FXGL Background Thread 2 ] DEBUG Engine               - Logging services
19:56:15.638 [FXGL Background Thread 2 ] DEBUG Engine               - class com.almasb.fxgl.app.GameApplication$GameApplicationService
19:56:15.638 [FXGL Background Thread 2 ] DEBUG Engine               - class com.almasb.fxgl.app.services.WindowService
19:56:15.638 [FXGL Background Thread 2 ] DEBUG Engine               - class com.almasb.fxgl.app.services.FXGLDialogService
19:56:15.638 [FXGL Background Thread 2 ] DEBUG Engine               - class com.almasb.fxgl.app.services.IOTaskExecutorService
19:56:15.638 [FXGL Background Thread 2 ] DEBUG Engine               - class com.almasb.fxgl.event.EventBusService
19:56:15.638 [FXGL Background Thread 2 ] DEBUG Engine               - class com.almasb.fxgl.io.FileSystemService
19:56:15.638 [FXGL Background Thread 2 ] DEBUG Engine               - class com.almasb.fxgl.localization.LocalizationService
19:56:15.638 [FXGL Background Thread 2 ] DEBUG Engine               - class com.almasb.fxgl.app.services.AssetLoaderService
19:56:15.638 [FXGL Background Thread 2 ] DEBUG Engine               - class com.almasb.fxgl.app.services.SystemBundleService
19:56:15.638 [FXGL Background Thread 2 ] DEBUG Engine               - class com.almasb.fxgl.profile.SaveLoadService
19:56:15.638 [FXGL Background Thread 2 ] DEBUG Engine               - class com.almasb.fxgl.ui.FXGLUIFactoryServiceProvider
19:56:15.638 [FXGL Background Thread 2 ] DEBUG Engine               - class com.almasb.fxgl.ui.FXGLDialogFactoryServiceProvider
19:56:15.639 [FXGL Background Thread 2 ] DEBUG Engine               - class com.almasb.fxgl.audio.AudioPlayer
19:56:15.639 [FXGL Background Thread 2 ] DEBUG Engine               - class com.almasb.fxgl.notification.impl.NotificationServiceProvider
19:56:15.639 [FXGL Background Thread 2 ] DEBUG Engine               - class com.almasb.fxgl.achievement.AchievementService
19:56:15.639 [FXGL Background Thread 2 ] DEBUG Engine               - class com.almasb.fxgl.cutscene.CutsceneService
19:56:15.639 [FXGL Background Thread 2 ] DEBUG Engine               - class com.almasb.fxgl.minigames.MiniGameService
19:56:15.639 [FXGL Background Thread 2 ] DEBUG Engine               - class com.almasb.fxgl.net.NetService
19:56:15.639 [FXGL Background Thread 2 ] DEBUG Engine               - class com.almasb.fxgl.app.services.UpdaterService
19:56:15.728 [JavaFX Application Thread] DEBUG AssetLoaderService   - Loading from cache: /assets/textures/bow.png
19:56:16.688 [JavaFX Application Thread] DEBUG AssetLoaderService   - Loading from cache: /assets/textures/bow.png
19:56:17.648 [JavaFX Application Thread] DEBUG AssetLoaderService   - Loading from cache: /assets/textures/bow.png
19:56:18.609 [JavaFX Application Thread] DEBUG AssetLoaderService   - Loading from cache: /assets/textures/bow.png
19:56:19.569 [JavaFX Application Thread] DEBUG AssetLoaderService   - Loading from cache: /assets/textures/bow.png
19:56:20.512 [JavaFX Application Thread] DEBUG AssetLoaderService   - Loading from cache: /assets/textures/bow.png
19:56:21.536 [JavaFX Application Thread] DEBUG AssetLoaderService   - Loading from cache: /assets/textures/bow.png
19:56:22.183 [JavaFX Application Thread] DEBUG AssetLoaderService   - Loading from cache: /assets/textures/bow.png
19:56:22.699 [JavaFX Application Thread] DEBUG AssetLoaderService   - Loading from cache: /assets/textures/bow.png
19:56:23.121 [JavaFX Application Thread] DEBUG AssetLoaderService   - Loading from cache: /assets/textures/bow.png
19:56:23.487 [JavaFX Application Thread] DEBUG AssetLoaderService   - Loading from cache: /assets/textures/bow.png
19:56:23.853 [JavaFX Application Thread] DEBUG AssetLoaderService   - Loading from cache: /assets/textures/bow.png
19:56:24.288 [JavaFX Application Thread] DEBUG AssetLoaderService   - Loading from cache: /assets/textures/bow.png
19:56:24.702 [JavaFX Application Thread] DEBUG AssetLoaderService   - Loading from cache: /assets/textures/bow.png
19:56:25.115 [JavaFX Application Thread] DEBUG AssetLoaderService   - Loading from cache: /assets/textures/bow.png
19:56:25.513 [JavaFX Application Thread] DEBUG AssetLoaderService   - Loading from cache: /assets/textures/bow.png
19:56:25.887 [JavaFX Application Thread] DEBUG AssetLoaderService   - Loading from cache: /assets/textures/bow.png
19:56:26.595 [JavaFX Application Thread] DEBUG AssetLoaderService   - Loading from cache: /assets/textures/bow.png
19:56:27.006 [JavaFX Application Thread] DEBUG AssetLoaderService   - Loading from cache: /assets/textures/bow.png
19:56:27.696 [JavaFX Application Thread] DEBUG AssetLoaderService   - Loading from cache: /assets/textures/bow.png
19:56:28.128 [JavaFX Application Thread] DEBUG AssetLoaderService   - Loading from cache: /assets/textures/bow.png
19:56:28.502 [JavaFX Application Thread] DEBUG AssetLoaderService   - Loading from cache: /assets/textures/bow.png
19:56:28.875 [JavaFX Application Thread] DEBUG AssetLoaderService   - Loading from cache: /assets/textures/bow.png
19:56:29.247 [JavaFX Application Thread] DEBUG AssetLoaderService   - Loading from cache: /assets/textures/bow.png
19:56:29.616 [JavaFX Application Thread] DEBUG AssetLoaderService   - Loading from cache: /assets/textures/bow.png
19:56:29.992 [JavaFX Application Thread] DEBUG AssetLoaderService   - Loading from cache: /assets/textures/bow.png
19:56:30.364 [JavaFX Application Thread] DEBUG AssetLoaderService   - Loading from cache: /assets/textures/bow.png
19:56:30.736 [JavaFX Application Thread] DEBUG AssetLoaderService   - Loading from cache: /assets/textures/bow.png
19:56:31.216 [JavaFX Application Thread] DEBUG AssetLoaderService   - Loading from cache: /assets/textures/bow.png
19:56:31.641 [JavaFX Application Thread] DEBUG AssetLoaderService   - Loading from cache: /assets/textures/bow.png
19:56:32.013 [JavaFX Application Thread] DEBUG AssetLoaderService   - Loading from cache: /assets/textures/bow.png
19:56:32.384 [JavaFX Application Thread] DEBUG AssetLoaderService   - Loading from cache: /assets/textures/bow.png
19:56:32.944 [JavaFX Application Thread] DEBUG AssetLoaderService   - Loading from cache: /assets/textures/bow.png
19:56:33.416 [JavaFX Application Thread] DEBUG AssetLoaderService   - Loading from cache: /assets/textures/bow.png
19:56:34.000 [JavaFX Application Thread] DEBUG AssetLoaderService   - Loading from cache: /assets/textures/bow.png
19:56:34.471 [JavaFX Application Thread] DEBUG AssetLoaderService   - Loading from cache: /assets/textures/bow.png
19:56:34.910 [JavaFX Application Thread] DEBUG AssetLoaderService   - Loading from cache: /assets/textures/bow.png
19:56:35.280 [JavaFX Application Thread] DEBUG AssetLoaderService   - Loading from cache: /assets/textures/bow.png
19:56:35.654 [JavaFX Application Thread] DEBUG AssetLoaderService   - Loading from cache: /assets/textures/bow.png
19:56:36.026 [JavaFX Application Thread] DEBUG AssetLoaderService   - Loading from cache: /assets/textures/bow.png
19:56:36.457 [JavaFX Application Thread] DEBUG AssetLoaderService   - Loading from cache: /assets/textures/bow.png
19:56:37.062 [JavaFX Application Thread] DEBUG AssetLoaderService   - Loading from cache: /assets/textures/bow.png
19:56:37.568 [JavaFX Application Thread] DEBUG AssetLoaderService   - Loading from cache: /assets/textures/bow.png
19:56:38.144 [JavaFX Application Thread] DEBUG AssetLoaderService   - Loading from cache: /assets/textures/bow.png
19:56:39.089 [JavaFX Application Thread] DEBUG AssetLoaderService   - Loading from cache: /assets/textures/bow.png
19:56:40.033 [JavaFX Application Thread] DEBUG AssetLoaderService   - Loading from cache: /assets/textures/bow.png
19:56:40.977 [JavaFX Application Thread] DEBUG AssetLoaderService   - Loading from cache: /assets/textures/bow.png
19:56:41.920 [JavaFX Application Thread] DEBUG AssetLoaderService   - Loading from cache: /assets/textures/bow.png
19:56:42.865 [JavaFX Application Thread] DEBUG AssetLoaderService   - Loading from cache: /assets/textures/bow.png
19:56:43.809 [JavaFX Application Thread] DEBUG AssetLoaderService   - Loading from cache: /assets/textures/bow.png
19:56:44.753 [JavaFX Application Thread] DEBUG AssetLoaderService   - Loading from cache: /assets/textures/bow.png
19:56:45.490 [JavaFX Application Thread] DEBUG GameApplication      - Exiting FXGL
19:56:45.490 [JavaFX Application Thread] DEBUG LoopRunner           - Stopping loop
19:56:45.490 [JavaFX Application Thread] DEBUG SystemBundleService  - Saving FXGL system data
19:56:45.491 [JavaFX Application Thread] DEBUG FileSystemAccess     - Writing to: C:\Users\edwin\Desktop\sepa\A-Link-Between-Fists\system\fxgl.bundle
19:56:45.492 [JavaFX Application Thread] DEBUG GameApplication      - Shutting down background threads
19:56:45.493 [JavaFX Application Thread] DEBUG GameApplication      - Closing logger and exiting JavaFX
