19:08:00.253 [main                     ] DEBUG GameApplication      - Logger initialized
19:08:00.253 [main                     ] DEBUG GameApplication      - Logging settings
Title: Link Between Fists
Version: 1.0
Width: 1280
Height: 720
Fullscreen: false
Intro: false
Menus: false
Profiling: false
Single step:false
App Mode: DEVELOPER
Menu Key: ESCAPE
Stage Style: DECORATED
Scene Factory: class com.almasb.fxgl.app.scene.SceneFactory

19:08:00.468 [JavaFX Application Thread] DEBUG GameApplication      - Initializing FXGL
19:08:00.479 [JavaFX Application Thread] INFO  Engine               - FXGL-11.8 (08.03.2020 09.25) on WINDOWS (J:13.0.2 FX:13.0.2)
19:08:00.479 [JavaFX Application Thread] INFO  Engine               - Source code and latest versions at: https://github.com/AlmasB/FXGL
19:08:00.479 [JavaFX Application Thread] INFO  Engine               -              Join the FXGL chat at: https://gitter.im/AlmasB/FXGL
19:08:00.568 [JavaFX Application Thread] DEBUG MainWindow           - Creating a JavaFX scene
19:08:00.603 [JavaFX Application Thread] DEBUG MainWindow           - Target settings size: 1280.0 x 720.0
19:08:00.603 [JavaFX Application Thread] DEBUG MainWindow           - Scaled scene size:    1280.0 x 720.0
19:08:00.603 [JavaFX Application Thread] DEBUG MainWindow           - Scaled ratio: (1.0, 1.0)
19:08:00.604 [JavaFX Application Thread] DEBUG MainWindow           - Set initial scene to FXGLStartupScene
19:08:00.609 [JavaFX Application Thread] DEBUG MainWindow           - Opening main window
19:08:00.679 [JavaFX Application Thread] DEBUG MainWindow           - Window border size: (16.0, 39.0)
19:08:00.680 [JavaFX Application Thread] DEBUG MainWindow           - Scaled size: 1280.0 x 720.0
19:08:00.680 [JavaFX Application Thread] DEBUG MainWindow           - Scaled ratio: (1.0, 1.0)
19:08:00.680 [JavaFX Application Thread] DEBUG MainWindow           - Scene size: 1280.0 x 720.0
19:08:00.680 [JavaFX Application Thread] DEBUG MainWindow           - Stage size: 1296.0 x 759.0
19:08:00.686 [FXGL Background Thread 1 ] DEBUG Engine               - Initializing environment variables
19:08:00.712 [FXGL Background Thread 1 ] DEBUG WindowService        - Applying CSS: fxgl_dark.css
19:08:00.713 [FXGL Background Thread 1 ] DEBUG AssetLoaderService   - Loading from file system: /assets/ui/css/fxgl_dark.css
19:08:00.760 [FXGL Background Thread 1 ] DEBUG WindowService        - Initializing application scenes
19:08:00.800 [FXGL Background Thread 1 ] DEBUG GameWorld            - Game world initialized
19:08:00.835 [FXGL Background Thread 1 ] DEBUG PhysicsWorld         - Physics world initialized: appHeight=720, physics.ppm=50.0
19:08:00.837 [FXGL Background Thread 1 ] DEBUG GameScene            - Game scene initialized: 1280x720
19:08:00.845 [FXGL Background Thread 1 ] DEBUG Input                - Registered new binding: Resume - Esc
19:08:00.852 [FXGL Background Thread 1 ] DEBUG AssetLoaderService   - Loading from file system: /assets/textures/pause_menu_bg.png
19:08:00.908 [FXGL Background Thread 1 ] DEBUG Input                - Registered new binding: Pause - Esc
19:08:00.908 [FXGL Background Thread 1 ] DEBUG WindowService        - Application scenes initialized
19:08:00.920 [FXGL Background Thread 1 ] DEBUG SystemBundleService  - Loading FXGL system data
19:08:00.924 [FXGL Background Thread 1 ] DEBUG FileSystemAccess     - Reading from: C:\Users\edwin\Desktop\sepa\A-Link-Between-Fists\system\fxgl.bundle
19:08:00.930 [FXGL Background Thread 1 ] DEBUG SystemBundleService  - Bundle FXGL: {}
19:08:00.930 [FXGL Background Thread 1 ] INFO  Engine               - FXGL initialization took: 0.243 sec
19:08:00.932 [FXGL Background Thread 1 ] DEBUG GameApplication      - Loading localizations
19:08:00.932 [FXGL Background Thread 1 ] DEBUG AssetLoaderService   - Loading from file system: /assets/properties/languages/english.properties
19:08:00.934 [FXGL Background Thread 1 ] DEBUG AssetLoaderService   - Loading from file system: /assets/properties/languages/french.properties
19:08:00.935 [FXGL Background Thread 1 ] DEBUG AssetLoaderService   - Loading from file system: /assets/properties/languages/german.properties
19:08:00.936 [FXGL Background Thread 1 ] DEBUG AssetLoaderService   - Loading from file system: /assets/properties/languages/hungarian.properties
19:08:00.937 [FXGL Background Thread 1 ] DEBUG AssetLoaderService   - Loading from file system: /assets/properties/languages/russian.properties
19:08:00.938 [FXGL Background Thread 1 ] DEBUG GameApplication      - Registering font factories with UI factory
19:08:00.939 [FXGL Background Thread 1 ] DEBUG AssetLoaderService   - Loading from file system: /assets/ui/fonts/VarelaRound-Regular.ttf
19:08:01.068 [FXGL Background Thread 1 ] DEBUG AssetLoaderService   - Loading from file system: /assets/ui/fonts/Abel-Regular.ttf
19:08:01.074 [FXGL Background Thread 1 ] DEBUG AssetLoaderService   - Loading from file system: /assets/ui/fonts/lucida_console.ttf
19:08:01.082 [FXGL Background Thread 1 ] DEBUG AssetLoaderService   - Loading from file system: /assets/ui/fonts/Courier-Prime.ttf
19:08:01.090 [JavaFX Application Thread] DEBUG Input                - Registered new binding: Right - D
19:08:01.090 [JavaFX Application Thread] DEBUG Input                - Registered new binding: Up - W
19:08:01.091 [JavaFX Application Thread] DEBUG Input                - Registered new binding: Left - A
19:08:01.091 [JavaFX Application Thread] DEBUG Input                - Registered new binding: Down - S
19:08:01.091 [JavaFX Application Thread] DEBUG AssetLoaderService   - Loading from file system: /assets/textures/fxgl_icon.png
19:08:01.104 [JavaFX Application Thread] DEBUG AssetLoaderService   - Loading from file system: /assets/ui/cursors/fxgl_default.png
19:08:01.105 [JavaFX Application Thread] DEBUG Input                - Registered new binding: Screenshot - P
19:08:01.106 [JavaFX Application Thread] DEBUG Input                - Registered new binding: System info dump - CTRL+9
19:08:01.106 [JavaFX Application Thread] DEBUG Input                - Registered new binding: Restart - CTRL+R
19:08:01.106 [JavaFX Application Thread] DEBUG LoopRunner           - Starting loop
19:08:01.117 [JavaFX Application Thread] DEBUG FXGLStartupScene     - STARTUP
19:08:01.117 [JavaFX Application Thread] DEBUG WindowService        - Starting new game
19:08:01.119 [JavaFX Application Thread] DEBUG Input                - Clearing active input actions
19:08:01.127 [JavaFX Application Thread] DEBUG WindowService        - Removing overlay from FXGLStartupScene and adding to FXGLLoadingScene
19:08:01.127 [JavaFX Application Thread] DEBUG MainWindow           - FXGLStartupScene -> FXGLLoadingScene
19:08:01.127 [JavaFX Application Thread] DEBUG WindowService        - Clearing previous game
19:08:01.127 [JavaFX Application Thread] DEBUG GameScene            - Clearing game scene
19:08:01.127 [JavaFX Application Thread] DEBUG GameWorld            - Clearing game world
19:08:01.128 [JavaFX Application Thread] DEBUG PhysicsWorld         - Clearing physics world
19:08:01.129 [FXGL Background Thread 1 ] DEBUG GameApplication      - Initializing game
19:08:01.138 [FXGL Background Thread 1 ] DEBUG AssetLoaderService   - Loading from file system: /assets/textures/tempSprite.png
19:08:01.148 [FXGL Background Thread 1 ] DEBUG AssetLoaderService   - Loading from cache: /assets/textures/tempSprite.png
19:08:01.148 [FXGL Background Thread 1 ] DEBUG AssetLoaderService   - Loading from cache: /assets/textures/tempSprite.png
19:08:01.148 [FXGL Background Thread 1 ] DEBUG AssetLoaderService   - Loading from cache: /assets/textures/tempSprite.png
19:08:01.155 [FXGL Background Thread 1 ] DEBUG AssetLoaderService   - Loading from file system: /assets/textures/bow.png
19:08:01.157 [FXGL Background Thread 1 ] INFO  GameApplication      - Game initialization took: 0.028 sec
19:08:01.161 [JavaFX Application Thread] DEBUG Input                - Clearing active input actions
19:08:01.168 [JavaFX Application Thread] DEBUG WindowService        - Removing overlay from FXGLLoadingScene and adding to GameScene
19:08:01.168 [JavaFX Application Thread] DEBUG MainWindow           - FXGLLoadingScene -> GameScene
19:08:03.933 [FXGL Background Thread 2 ] DEBUG Engine               - Logging environment variables
19:08:03.933 [FXGL Background Thread 2 ] DEBUG Engine               - achievements: []
19:08:03.933 [FXGL Background Thread 2 ] DEBUG Engine               - language: ObjectProperty [value: ENGLISH]
19:08:03.933 [FXGL Background Thread 2 ] DEBUG Engine               - isCloseConfirmation: false
19:08:03.933 [FXGL Background Thread 2 ] DEBUG Engine               - isProfilingEnabled: false
19:08:03.933 [FXGL Background Thread 2 ] DEBUG Engine               - soundNotification: core/notification.wav
19:08:03.933 [FXGL Background Thread 2 ] DEBUG Engine               - devShowBBoxProperty: BooleanProperty [value: false]
19:08:03.933 [FXGL Background Thread 2 ] DEBUG Engine               - pixelsPerMeter: 50.0
19:08:03.933 [FXGL Background Thread 2 ] DEBUG Engine               - appIcon: fxgl_icon.png
19:08:03.933 [FXGL Background Thread 2 ] DEBUG Engine               - soundMenuBack: menu/back.wav
19:08:03.933 [FXGL Background Thread 2 ] DEBUG Engine               - isFullScreenAllowed: false
19:08:03.933 [FXGL Background Thread 2 ] DEBUG Engine               - isIntroEnabled: false
19:08:03.933 [FXGL Background Thread 2 ] DEBUG Engine               - fontMono: lucida_console.ttf
19:08:03.933 [FXGL Background Thread 2 ] DEBUG Engine               - soundMenuSelect: menu/select.wav
19:08:03.934 [FXGL Background Thread 2 ] DEBUG Engine               - isWindows: true
19:08:03.934 [FXGL Background Thread 2 ] DEBUG Engine               - isMobile: false
19:08:03.934 [FXGL Background Thread 2 ] DEBUG Engine               - isUserProfileEnabled: false
19:08:03.934 [FXGL Background Thread 2 ] DEBUG Engine               - height: 720
19:08:03.934 [FXGL Background Thread 2 ] DEBUG Engine               - isExperimentalNative: false
19:08:03.934 [FXGL Background Thread 2 ] DEBUG Engine               - settings: Title: Link Between Fists
Version: 1.0
Width: 1280
Height: 720
Fullscreen: false
Intro: false
Menus: false
Profiling: false
Single step:false
App Mode: DEVELOPER
Menu Key: ESCAPE
Stage Style: DECORATED
Scene Factory: class com.almasb.fxgl.app.scene.SceneFactory

19:08:03.934 [FXGL Background Thread 2 ] DEBUG Engine               - isSingleStep: false
19:08:03.934 [FXGL Background Thread 2 ] DEBUG Engine               - cSSList: [fxgl_dark.css]
19:08:03.934 [FXGL Background Thread 2 ] DEBUG Engine               - fontGame: Abel-Regular.ttf
19:08:03.934 [FXGL Background Thread 2 ] DEBUG Engine               - menuKey: ESCAPE
19:08:03.934 [FXGL Background Thread 2 ] DEBUG Engine               - devShowPositionProperty: BooleanProperty [value: false]
19:08:03.934 [FXGL Background Thread 2 ] DEBUG Engine               - versionCheckDays: 7
19:08:03.934 [FXGL Background Thread 2 ] DEBUG Engine               - configClass: Optional.empty
19:08:03.934 [FXGL Background Thread 2 ] DEBUG Engine               - isFullScreenFromStart: false
19:08:03.934 [FXGL Background Thread 2 ] DEBUG Engine               - version: 1.0
19:08:03.934 [FXGL Background Thread 2 ] DEBUG Engine               - fullScreen: BooleanProperty [value: false]
19:08:03.934 [FXGL Background Thread 2 ] DEBUG Engine               - randomSeed: -1
19:08:03.934 [FXGL Background Thread 2 ] DEBUG Engine               - gameDifficultyProperty: ObjectProperty [value: MEDIUM]
19:08:03.935 [FXGL Background Thread 2 ] DEBUG Engine               - applicationMode: DEVELOPER
19:08:03.935 [FXGL Background Thread 2 ] DEBUG Engine               - isMac: false
19:08:03.935 [FXGL Background Thread 2 ] DEBUG Engine               - isMenuEnabled: false
19:08:03.935 [FXGL Background Thread 2 ] DEBUG Engine               - profileName: StringProperty [value: DEFAULT]
19:08:03.935 [FXGL Background Thread 2 ] DEBUG Engine               - urlPOM: https://raw.githubusercontent.com/AlmasB/FXGL/master/pom.xml
19:08:03.935 [FXGL Background Thread 2 ] DEBUG Engine               - notificationViewClass: class com.almasb.fxgl.notification.view.XboxNotificationView
19:08:03.935 [FXGL Background Thread 2 ] DEBUG Engine               - devSensorColorProperty: ObjectProperty [value: 0xffff00ff]
19:08:03.935 [FXGL Background Thread 2 ] DEBUG Engine               - sceneFactory: com.almasb.fxgl.app.scene.SceneFactory@6a6ac9db
19:08:03.935 [FXGL Background Thread 2 ] DEBUG Engine               - stageStyle: DECORATED
19:08:03.935 [FXGL Background Thread 2 ] DEBUG Engine               - isManualResizeEnabled: false
19:08:03.935 [FXGL Background Thread 2 ] DEBUG Engine               - title: Link Between Fists
19:08:03.935 [FXGL Background Thread 2 ] DEBUG Engine               - platform: WINDOWS
19:08:03.935 [FXGL Background Thread 2 ] DEBUG Engine               - devBBoxColorProperty: ObjectProperty [value: 0xff0000ff]
19:08:03.935 [FXGL Background Thread 2 ] DEBUG Engine               - gameDifficulty: MEDIUM
19:08:03.935 [FXGL Background Thread 2 ] DEBUG Engine               - isDesktop: true
19:08:03.935 [FXGL Background Thread 2 ] DEBUG Engine               - supportedLanguages: [ENGLISH, FRENCH, GERMAN, HUNGARIAN, RUSSIAN]
19:08:03.935 [FXGL Background Thread 2 ] DEBUG Engine               - credits: []
19:08:03.935 [FXGL Background Thread 2 ] DEBUG Engine               - globalMusicVolumeProperty: DoubleProperty [value: 0.5]
19:08:03.936 [FXGL Background Thread 2 ] DEBUG Engine               - isPreserveResizeRatio: false
19:08:03.936 [FXGL Background Thread 2 ] DEBUG Engine               - fontText: Courier-Prime.ttf
19:08:03.936 [FXGL Background Thread 2 ] DEBUG Engine               - isExperimentalTiledLargeMap: false
19:08:03.936 [FXGL Background Thread 2 ] DEBUG Engine               - secondsIn24h: 60
19:08:03.936 [FXGL Background Thread 2 ] DEBUG Engine               - runtimeInfo: RuntimeInfo(platform=WINDOWS, version=11.8, build=08.03.2020 09.25)
19:08:03.936 [FXGL Background Thread 2 ] DEBUG Engine               - isLinux: false
19:08:03.936 [FXGL Background Thread 2 ] DEBUG Engine               - soundMenuPress: menu/press.wav
19:08:03.936 [FXGL Background Thread 2 ] DEBUG Engine               - urlGithub: https://github.com/AlmasB/FXGL
19:08:03.936 [FXGL Background Thread 2 ] DEBUG Engine               - profileDir: profiles/
19:08:03.936 [FXGL Background Thread 2 ] DEBUG Engine               - isDeveloperMenuEnabled: false
19:08:03.936 [FXGL Background Thread 2 ] DEBUG Engine               - globalSoundVolumeProperty: DoubleProperty [value: 0.5]
19:08:03.936 [FXGL Background Thread 2 ] DEBUG Engine               - mainWindow: com.almasb.fxgl.app.MainWindow@6e55504e
19:08:03.936 [FXGL Background Thread 2 ] DEBUG Engine               - isBrowser: false
19:08:03.936 [FXGL Background Thread 2 ] DEBUG Engine               - globalSoundVolume: 0.5
19:08:03.936 [FXGL Background Thread 2 ] DEBUG Engine               - urlLeaderboard: http://fxgl-top.herokuapp.com/
19:08:03.936 [FXGL Background Thread 2 ] DEBUG Engine               - engineServices: [class com.almasb.fxgl.app.GameApplication$GameApplicationService, class com.almasb.fxgl.app.services.WindowService, class com.almasb.fxgl.app.services.FXGLDialogService, class com.almasb.fxgl.app.services.IOTaskExecutorService, class com.almasb.fxgl.event.EventBusService, class com.almasb.fxgl.io.FileSystemService, class com.almasb.fxgl.localization.LocalizationService, class com.almasb.fxgl.app.services.AssetLoaderService, class com.almasb.fxgl.app.services.SystemBundleService, class com.almasb.fxgl.profile.SaveLoadService, class com.almasb.fxgl.ui.FXGLUIFactoryServiceProvider, class com.almasb.fxgl.ui.FXGLDialogFactoryServiceProvider, class com.almasb.fxgl.audio.AudioPlayer, class com.almasb.fxgl.notification.impl.NotificationServiceProvider, class com.almasb.fxgl.achievement.AchievementService, class com.almasb.fxgl.cutscene.CutsceneService, class com.almasb.fxgl.minigames.MiniGameService, class com.almasb.fxgl.net.NetService, class com.almasb.fxgl.app.services.UpdaterService]
19:08:03.936 [FXGL Background Thread 2 ] DEBUG Engine               - globalMusicVolume: 0.5
19:08:03.936 [FXGL Background Thread 2 ] DEBUG Engine               - width: 1280
19:08:03.936 [FXGL Background Thread 2 ] DEBUG Engine               - saveFileExt: sav
19:08:03.937 [FXGL Background Thread 2 ] DEBUG Engine               - isAndroid: false
19:08:03.937 [FXGL Background Thread 2 ] DEBUG Engine               - fontUI: VarelaRound-Regular.ttf
19:08:03.937 [FXGL Background Thread 2 ] DEBUG Engine               - enabledMenuItems: []
19:08:03.937 [FXGL Background Thread 2 ] DEBUG Engine               - isIOS: false
19:08:03.937 [FXGL Background Thread 2 ] DEBUG Engine               - Logging services
19:08:03.937 [FXGL Background Thread 2 ] DEBUG Engine               - class com.almasb.fxgl.app.GameApplication$GameApplicationService
19:08:03.937 [FXGL Background Thread 2 ] DEBUG Engine               - class com.almasb.fxgl.app.services.WindowService
19:08:03.937 [FXGL Background Thread 2 ] DEBUG Engine               - class com.almasb.fxgl.app.services.FXGLDialogService
19:08:03.937 [FXGL Background Thread 2 ] DEBUG Engine               - class com.almasb.fxgl.app.services.IOTaskExecutorService
19:08:03.937 [FXGL Background Thread 2 ] DEBUG Engine               - class com.almasb.fxgl.event.EventBusService
19:08:03.937 [FXGL Background Thread 2 ] DEBUG Engine               - class com.almasb.fxgl.io.FileSystemService
19:08:03.937 [FXGL Background Thread 2 ] DEBUG Engine               - class com.almasb.fxgl.localization.LocalizationService
19:08:03.937 [FXGL Background Thread 2 ] DEBUG Engine               - class com.almasb.fxgl.app.services.AssetLoaderService
19:08:03.937 [FXGL Background Thread 2 ] DEBUG Engine               - class com.almasb.fxgl.app.services.SystemBundleService
19:08:03.937 [FXGL Background Thread 2 ] DEBUG Engine               - class com.almasb.fxgl.profile.SaveLoadService
19:08:03.937 [FXGL Background Thread 2 ] DEBUG Engine               - class com.almasb.fxgl.ui.FXGLUIFactoryServiceProvider
19:08:03.937 [FXGL Background Thread 2 ] DEBUG Engine               - class com.almasb.fxgl.ui.FXGLDialogFactoryServiceProvider
19:08:03.937 [FXGL Background Thread 2 ] DEBUG Engine               - class com.almasb.fxgl.audio.AudioPlayer
19:08:03.937 [FXGL Background Thread 2 ] DEBUG Engine               - class com.almasb.fxgl.notification.impl.NotificationServiceProvider
19:08:03.937 [FXGL Background Thread 2 ] DEBUG Engine               - class com.almasb.fxgl.achievement.AchievementService
19:08:03.937 [FXGL Background Thread 2 ] DEBUG Engine               - class com.almasb.fxgl.cutscene.CutsceneService
19:08:03.938 [FXGL Background Thread 2 ] DEBUG Engine               - class com.almasb.fxgl.minigames.MiniGameService
19:08:03.938 [FXGL Background Thread 2 ] DEBUG Engine               - class com.almasb.fxgl.net.NetService
19:08:03.938 [FXGL Background Thread 2 ] DEBUG Engine               - class com.almasb.fxgl.app.services.UpdaterService
19:08:22.653 [JavaFX Application Thread] DEBUG GameApplication      - Exiting FXGL
19:08:22.653 [JavaFX Application Thread] DEBUG LoopRunner           - Stopping loop
19:08:22.654 [JavaFX Application Thread] DEBUG SystemBundleService  - Saving FXGL system data
19:08:22.655 [JavaFX Application Thread] DEBUG FileSystemAccess     - Writing to: C:\Users\edwin\Desktop\sepa\A-Link-Between-Fists\system\fxgl.bundle
19:08:22.657 [JavaFX Application Thread] DEBUG GameApplication      - Shutting down background threads
19:08:22.657 [JavaFX Application Thread] DEBUG GameApplication      - Closing logger and exiting JavaFX
